2021-01-17 10:40:47.064  INFO 12184 --- [restartedMain] i.g.dougllas.todoapi.TodoApiApplication  : Starting TodoApiApplication on DESKTOP-45B3MA9 with PID 12184 (started by Hamden in D:\Hamden\Reposit贸rio\Sistemas\Projetos\Fontes\tarefas\desenvolvimento\tarefas)
2021-01-17 10:40:47.071  INFO 12184 --- [restartedMain] i.g.dougllas.todoapi.TodoApiApplication  : No active profile set, falling back to default profiles: default
2021-01-17 10:40:47.144  INFO 12184 --- [restartedMain] o.s.b.devtools.restart.ChangeableUrls    : The Class-Path manifest attribute in C:\Users\Hamden\.m2\repository\org\glassfish\jaxb\jaxb-runtime\2.3.2\jaxb-runtime-2.3.2.jar referenced one or more files that do not exist: file:/C:/Users/Hamden/.m2/repository/org/glassfish/jaxb/jaxb-runtime/2.3.2/jakarta.xml.bind-api-2.3.2.jar,file:/C:/Users/Hamden/.m2/repository/org/glassfish/jaxb/jaxb-runtime/2.3.2/txw2-2.3.2.jar,file:/C:/Users/Hamden/.m2/repository/org/glassfish/jaxb/jaxb-runtime/2.3.2/istack-commons-runtime-3.0.8.jar,file:/C:/Users/Hamden/.m2/repository/org/glassfish/jaxb/jaxb-runtime/2.3.2/stax-ex-1.8.1.jar,file:/C:/Users/Hamden/.m2/repository/org/glassfish/jaxb/jaxb-runtime/2.3.2/FastInfoset-1.2.16.jar,file:/C:/Users/Hamden/.m2/repository/org/glassfish/jaxb/jaxb-runtime/2.3.2/jakarta.activation-api-1.2.1.jar
2021-01-17 10:40:47.145  INFO 12184 --- [restartedMain] .e.DevToolsPropertyDefaultsPostProcessor : Devtools property defaults active! Set 'spring.devtools.add-properties' to 'false' to disable
2021-01-17 10:40:47.145  INFO 12184 --- [restartedMain] .e.DevToolsPropertyDefaultsPostProcessor : For additional web related logging consider setting the 'logging.level.web' property to 'DEBUG'
2021-01-17 10:40:49.008  INFO 12184 --- [restartedMain] .s.d.r.c.RepositoryConfigurationDelegate : Bootstrapping Spring Data JPA repositories in DEFAULT mode.
2021-01-17 10:40:49.101  INFO 12184 --- [restartedMain] .s.d.r.c.RepositoryConfigurationDelegate : Finished Spring Data repository scanning in 79ms. Found 1 JPA repository interfaces.
2021-01-17 10:40:49.670  INFO 12184 --- [restartedMain] trationDelegate$BeanPostProcessorChecker : Bean 'org.springframework.transaction.annotation.ProxyTransactionManagementConfiguration' of type [org.springframework.transaction.annotation.ProxyTransactionManagementConfiguration] is not eligible for getting processed by all BeanPostProcessors (for example: not eligible for auto-proxying)
2021-01-17 10:40:50.802  INFO 12184 --- [restartedMain] o.s.b.w.embedded.tomcat.TomcatWebServer  : Tomcat initialized with port(s): 8080 (http)
2021-01-17 10:40:50.815  INFO 12184 --- [restartedMain] o.apache.catalina.core.StandardService   : Starting service [Tomcat]
2021-01-17 10:40:50.816  INFO 12184 --- [restartedMain] org.apache.catalina.core.StandardEngine  : Starting Servlet engine: [Apache Tomcat/9.0.29]
2021-01-17 10:40:50.931  INFO 12184 --- [restartedMain] o.a.c.c.C.[Tomcat].[localhost].[/]       : Initializing Spring embedded WebApplicationContext
2021-01-17 10:40:50.932  INFO 12184 --- [restartedMain] o.s.web.context.ContextLoader            : Root WebApplicationContext: initialization completed in 3787 ms
2021-01-17 10:40:51.442  INFO 12184 --- [restartedMain] o.f.c.internal.license.VersionPrinter    : Flyway Community Edition 6.0.8 by Redgate
2021-01-17 10:40:51.451  INFO 12184 --- [restartedMain] com.zaxxer.hikari.HikariDataSource       : HikariPool-1 - Starting...
2021-01-17 10:40:51.636  INFO 12184 --- [restartedMain] com.zaxxer.hikari.HikariDataSource       : HikariPool-1 - Start completed.
2021-01-17 10:40:51.681  INFO 12184 --- [restartedMain] o.f.c.internal.database.DatabaseFactory  : Database: jdbc:postgresql://localhost:5432/vendas (PostgreSQL 9.6)
2021-01-17 10:40:51.729  INFO 12184 --- [restartedMain] o.f.core.internal.command.DbValidate     : Successfully validated 1 migration (execution time 00:00.022s)
2021-01-17 10:40:51.759  INFO 12184 --- [restartedMain] o.f.c.i.s.JdbcTableSchemaHistory         : Creating Schema History table "public"."flyway_schema_history" ...
2021-01-17 10:40:51.816  INFO 12184 --- [restartedMain] o.f.core.internal.command.DbMigrate      : Current version of schema "public": << Empty Schema >>
2021-01-17 10:40:51.822  INFO 12184 --- [restartedMain] o.f.core.internal.command.DbMigrate      : Migrating schema "public" to version 1 - init
2021-01-17 10:40:51.845  INFO 12184 --- [restartedMain] o.f.core.internal.command.DbMigrate      : Successfully applied 1 migration to schema "public" (execution time 00:00.037s)
2021-01-17 10:40:51.981  INFO 12184 --- [restartedMain] o.hibernate.jpa.internal.util.LogHelper  : HHH000204: Processing PersistenceUnitInfo [name: default]
2021-01-17 10:40:52.101  INFO 12184 --- [restartedMain] org.hibernate.Version                    : HHH000412: Hibernate Core {5.4.9.Final}
2021-01-17 10:40:52.348  INFO 12184 --- [restartedMain] o.hibernate.annotations.common.Version   : HCANN000001: Hibernate Commons Annotations {5.1.0.Final}
2021-01-17 10:40:52.508  INFO 12184 --- [restartedMain] org.hibernate.dialect.Dialect            : HHH000400: Using dialect: org.hibernate.dialect.PostgreSQL9Dialect
2021-01-17 10:40:53.335  WARN 12184 --- [restartedMain] o.h.t.s.i.ExceptionHandlerLoggedImpl     : GenerationTarget encountered exception accepting command : Error executing DDL "
    create table tarefas.todo (
       id  bigserial not null,
        categoria varchar(255),
        descricao varchar(255),
        done boolean not null,
        email varchar(255),
        primary key (id)
    )" via JDBC Statement

org.hibernate.tool.schema.spi.CommandAcceptanceException: Error executing DDL "
    create table tarefas.todo (
       id  bigserial not null,
        categoria varchar(255),
        descricao varchar(255),
        done boolean not null,
        email varchar(255),
        primary key (id)
    )" via JDBC Statement
	at org.hibernate.tool.schema.internal.exec.GenerationTargetToDatabase.accept(GenerationTargetToDatabase.java:67) ~[hibernate-core-5.4.9.Final.jar:5.4.9.Final]
	at org.hibernate.tool.schema.internal.AbstractSchemaMigrator.applySqlString(AbstractSchemaMigrator.java:559) [hibernate-core-5.4.9.Final.jar:5.4.9.Final]
	at org.hibernate.tool.schema.internal.AbstractSchemaMigrator.applySqlStrings(AbstractSchemaMigrator.java:504) [hibernate-core-5.4.9.Final.jar:5.4.9.Final]
	at org.hibernate.tool.schema.internal.AbstractSchemaMigrator.createTable(AbstractSchemaMigrator.java:277) [hibernate-core-5.4.9.Final.jar:5.4.9.Final]
	at org.hibernate.tool.schema.internal.GroupedSchemaMigratorImpl.performTablesMigration(GroupedSchemaMigratorImpl.java:71) [hibernate-core-5.4.9.Final.jar:5.4.9.Final]
	at org.hibernate.tool.schema.internal.AbstractSchemaMigrator.performMigration(AbstractSchemaMigrator.java:207) [hibernate-core-5.4.9.Final.jar:5.4.9.Final]
	at org.hibernate.tool.schema.internal.AbstractSchemaMigrator.doMigration(AbstractSchemaMigrator.java:114) [hibernate-core-5.4.9.Final.jar:5.4.9.Final]
	at org.hibernate.tool.schema.spi.SchemaManagementToolCoordinator.performDatabaseAction(SchemaManagementToolCoordinator.java:184) [hibernate-core-5.4.9.Final.jar:5.4.9.Final]
	at org.hibernate.tool.schema.spi.SchemaManagementToolCoordinator.process(SchemaManagementToolCoordinator.java:73) [hibernate-core-5.4.9.Final.jar:5.4.9.Final]
	at org.hibernate.internal.SessionFactoryImpl.<init>(SessionFactoryImpl.java:320) [hibernate-core-5.4.9.Final.jar:5.4.9.Final]
	at org.hibernate.boot.internal.SessionFactoryBuilderImpl.build(SessionFactoryBuilderImpl.java:462) [hibernate-core-5.4.9.Final.jar:5.4.9.Final]
	at org.hibernate.jpa.boot.internal.EntityManagerFactoryBuilderImpl.build(EntityManagerFactoryBuilderImpl.java:1237) [hibernate-core-5.4.9.Final.jar:5.4.9.Final]
	at org.springframework.orm.jpa.vendor.SpringHibernateJpaPersistenceProvider.createContainerEntityManagerFactory(SpringHibernateJpaPersistenceProvider.java:58) [spring-orm-5.2.2.RELEASE.jar:5.2.2.RELEASE]
	at org.springframework.orm.jpa.LocalContainerEntityManagerFactoryBean.createNativeEntityManagerFactory(LocalContainerEntityManagerFactoryBean.java:365) [spring-orm-5.2.2.RELEASE.jar:5.2.2.RELEASE]
	at org.springframework.orm.jpa.AbstractEntityManagerFactoryBean.buildNativeEntityManagerFactory(AbstractEntityManagerFactoryBean.java:391) [spring-orm-5.2.2.RELEASE.jar:5.2.2.RELEASE]
	at org.springframework.orm.jpa.AbstractEntityManagerFactoryBean.afterPropertiesSet(AbstractEntityManagerFactoryBean.java:378) [spring-orm-5.2.2.RELEASE.jar:5.2.2.RELEASE]
	at org.springframework.orm.jpa.LocalContainerEntityManagerFactoryBean.afterPropertiesSet(LocalContainerEntityManagerFactoryBean.java:341) [spring-orm-5.2.2.RELEASE.jar:5.2.2.RELEASE]
	at org.springframework.beans.factory.support.AbstractAutowireCapableBeanFactory.invokeInitMethods(AbstractAutowireCapableBeanFactory.java:1855) [spring-beans-5.2.2.RELEASE.jar:5.2.2.RELEASE]
	at org.springframework.beans.factory.support.AbstractAutowireCapableBeanFactory.initializeBean(AbstractAutowireCapableBeanFactory.java:1792) [spring-beans-5.2.2.RELEASE.jar:5.2.2.RELEASE]
	at org.springframework.beans.factory.support.AbstractAutowireCapableBeanFactory.doCreateBean(AbstractAutowireCapableBeanFactory.java:595) [spring-beans-5.2.2.RELEASE.jar:5.2.2.RELEASE]
	at org.springframework.beans.factory.support.AbstractAutowireCapableBeanFactory.createBean(AbstractAutowireCapableBeanFactory.java:517) [spring-beans-5.2.2.RELEASE.jar:5.2.2.RELEASE]
	at org.springframework.beans.factory.support.AbstractBeanFactory.lambda$doGetBean$0(AbstractBeanFactory.java:323) [spring-beans-5.2.2.RELEASE.jar:5.2.2.RELEASE]
	at org.springframework.beans.factory.support.DefaultSingletonBeanRegistry.getSingleton(DefaultSingletonBeanRegistry.java:222) ~[spring-beans-5.2.2.RELEASE.jar:5.2.2.RELEASE]
	at org.springframework.beans.factory.support.AbstractBeanFactory.doGetBean(AbstractBeanFactory.java:321) [spring-beans-5.2.2.RELEASE.jar:5.2.2.RELEASE]
	at org.springframework.beans.factory.support.AbstractBeanFactory.getBean(AbstractBeanFactory.java:202) [spring-beans-5.2.2.RELEASE.jar:5.2.2.RELEASE]
	at org.springframework.context.support.AbstractApplicationContext.getBean(AbstractApplicationContext.java:1108) ~[spring-context-5.2.2.RELEASE.jar:5.2.2.RELEASE]
	at org.springframework.context.support.AbstractApplicationContext.finishBeanFactoryInitialization(AbstractApplicationContext.java:868) ~[spring-context-5.2.2.RELEASE.jar:5.2.2.RELEASE]
	at org.springframework.context.support.AbstractApplicationContext.refresh(AbstractApplicationContext.java:550) ~[spring-context-5.2.2.RELEASE.jar:5.2.2.RELEASE]
	at org.springframework.boot.web.servlet.context.ServletWebServerApplicationContext.refresh(ServletWebServerApplicationContext.java:141) ~[spring-boot-2.2.2.RELEASE.jar:2.2.2.RELEASE]
	at org.springframework.boot.SpringApplication.refresh(SpringApplication.java:747) ~[spring-boot-2.2.2.RELEASE.jar:2.2.2.RELEASE]
	at org.springframework.boot.SpringApplication.refreshContext(SpringApplication.java:397) ~[spring-boot-2.2.2.RELEASE.jar:2.2.2.RELEASE]
	at org.springframework.boot.SpringApplication.run(SpringApplication.java:315) ~[spring-boot-2.2.2.RELEASE.jar:2.2.2.RELEASE]
	at org.springframework.boot.SpringApplication.run(SpringApplication.java:1226) ~[spring-boot-2.2.2.RELEASE.jar:2.2.2.RELEASE]
	at org.springframework.boot.SpringApplication.run(SpringApplication.java:1215) ~[spring-boot-2.2.2.RELEASE.jar:2.2.2.RELEASE]
	at io.github.dougllas.todoapi.TodoApiApplication.main(TodoApiApplication.java:10) ~[classes/:na]
	at sun.reflect.NativeMethodAccessorImpl.invoke0(Native Method) ~[na:1.8.0_261]
	at sun.reflect.NativeMethodAccessorImpl.invoke(NativeMethodAccessorImpl.java:62) ~[na:1.8.0_261]
	at sun.reflect.DelegatingMethodAccessorImpl.invoke(DelegatingMethodAccessorImpl.java:43) ~[na:1.8.0_261]
	at java.lang.reflect.Method.invoke(Method.java:498) ~[na:1.8.0_261]
	at org.springframework.boot.devtools.restart.RestartLauncher.run(RestartLauncher.java:49) ~[spring-boot-devtools-2.2.2.RELEASE.jar:2.2.2.RELEASE]
Caused by: org.postgresql.util.PSQLException: ERROR: schema "tarefas" does not exist
  Posi莽茫o: 20
	at org.postgresql.core.v3.QueryExecutorImpl.receiveErrorResponse(QueryExecutorImpl.java:2497) ~[postgresql-42.2.8.jar:42.2.8]
	at org.postgresql.core.v3.QueryExecutorImpl.processResults(QueryExecutorImpl.java:2233) ~[postgresql-42.2.8.jar:42.2.8]
	at org.postgresql.core.v3.QueryExecutorImpl.execute(QueryExecutorImpl.java:310) ~[postgresql-42.2.8.jar:42.2.8]
	at org.postgresql.jdbc.PgStatement.executeInternal(PgStatement.java:446) ~[postgresql-42.2.8.jar:42.2.8]
	at org.postgresql.jdbc.PgStatement.execute(PgStatement.java:370) ~[postgresql-42.2.8.jar:42.2.8]
	at org.postgresql.jdbc.PgStatement.executeWithFlags(PgStatement.java:311) ~[postgresql-42.2.8.jar:42.2.8]
	at org.postgresql.jdbc.PgStatement.executeCachedSql(PgStatement.java:297) ~[postgresql-42.2.8.jar:42.2.8]
	at org.postgresql.jdbc.PgStatement.executeWithFlags(PgStatement.java:274) ~[postgresql-42.2.8.jar:42.2.8]
	at org.postgresql.jdbc.PgStatement.execute(PgStatement.java:269) ~[postgresql-42.2.8.jar:42.2.8]
	at com.zaxxer.hikari.pool.ProxyStatement.execute(ProxyStatement.java:95) ~[HikariCP-3.4.1.jar:na]
	at com.zaxxer.hikari.pool.HikariProxyStatement.execute(HikariProxyStatement.java) ~[HikariCP-3.4.1.jar:na]
	at org.hibernate.tool.schema.internal.exec.GenerationTargetToDatabase.accept(GenerationTargetToDatabase.java:54) ~[hibernate-core-5.4.9.Final.jar:5.4.9.Final]
	... 39 common frames omitted

2021-01-17 10:40:53.416  INFO 12184 --- [restartedMain] o.h.e.t.j.p.i.JtaPlatformInitiator       : HHH000490: Using JtaPlatform implementation: [org.hibernate.engine.transaction.jta.platform.internal.NoJtaPlatform]
2021-01-17 10:40:53.428  INFO 12184 --- [restartedMain] j.LocalContainerEntityManagerFactoryBean : Initialized JPA EntityManagerFactory for persistence unit 'default'
2021-01-17 10:40:53.447  INFO 12184 --- [restartedMain] o.s.b.d.a.OptionalLiveReloadServer       : LiveReload server is running on port 35729
2021-01-17 10:40:54.141  WARN 12184 --- [restartedMain] JpaBaseConfiguration$JpaWebConfiguration : spring.jpa.open-in-view is enabled by default. Therefore, database queries may be performed during view rendering. Explicitly configure spring.jpa.open-in-view to disable this warning
2021-01-17 10:40:54.534  INFO 12184 --- [restartedMain] o.s.b.a.e.web.EndpointLinksResolver      : Exposing 15 endpoint(s) beneath base path '/actuator'
2021-01-17 10:40:54.722  INFO 12184 --- [restartedMain] o.s.s.concurrent.ThreadPoolTaskExecutor  : Initializing ExecutorService 'applicationTaskExecutor'
2021-01-17 10:40:55.052  INFO 12184 --- [restartedMain] d.s.w.p.DocumentationPluginsBootstrapper : Context refreshed
2021-01-17 10:40:55.088  INFO 12184 --- [restartedMain] d.s.w.p.DocumentationPluginsBootstrapper : Found 1 custom documentation plugin(s)
2021-01-17 10:40:55.107  INFO 12184 --- [restartedMain] s.d.s.w.s.ApiListingReferenceScanner     : Scanning for api listing references
2021-01-17 10:40:55.415  INFO 12184 --- [restartedMain] o.s.b.w.embedded.tomcat.TomcatWebServer  : Tomcat started on port(s): 8080 (http) with context path ''
2021-01-17 10:40:55.417  INFO 12184 --- [restartedMain] i.g.dougllas.todoapi.TodoApiApplication  : Started TodoApiApplication in 8.828 seconds (JVM running for 9.453)
2021-01-17 10:42:40.028  INFO 7220 --- [restartedMain] i.g.dougllas.todoapi.TodoApiApplication  : Starting TodoApiApplication on DESKTOP-45B3MA9 with PID 7220 (started by Hamden in D:\Hamden\Reposit贸rio\Sistemas\Projetos\Fontes\tarefas\desenvolvimento\tarefas)
2021-01-17 10:42:40.031  INFO 7220 --- [restartedMain] i.g.dougllas.todoapi.TodoApiApplication  : No active profile set, falling back to default profiles: default
2021-01-17 10:42:40.088  INFO 7220 --- [restartedMain] o.s.b.devtools.restart.ChangeableUrls    : The Class-Path manifest attribute in C:\Users\Hamden\.m2\repository\org\glassfish\jaxb\jaxb-runtime\2.3.2\jaxb-runtime-2.3.2.jar referenced one or more files that do not exist: file:/C:/Users/Hamden/.m2/repository/org/glassfish/jaxb/jaxb-runtime/2.3.2/jakarta.xml.bind-api-2.3.2.jar,file:/C:/Users/Hamden/.m2/repository/org/glassfish/jaxb/jaxb-runtime/2.3.2/txw2-2.3.2.jar,file:/C:/Users/Hamden/.m2/repository/org/glassfish/jaxb/jaxb-runtime/2.3.2/istack-commons-runtime-3.0.8.jar,file:/C:/Users/Hamden/.m2/repository/org/glassfish/jaxb/jaxb-runtime/2.3.2/stax-ex-1.8.1.jar,file:/C:/Users/Hamden/.m2/repository/org/glassfish/jaxb/jaxb-runtime/2.3.2/FastInfoset-1.2.16.jar,file:/C:/Users/Hamden/.m2/repository/org/glassfish/jaxb/jaxb-runtime/2.3.2/jakarta.activation-api-1.2.1.jar
2021-01-17 10:42:40.088  INFO 7220 --- [restartedMain] .e.DevToolsPropertyDefaultsPostProcessor : Devtools property defaults active! Set 'spring.devtools.add-properties' to 'false' to disable
2021-01-17 10:42:40.088  INFO 7220 --- [restartedMain] .e.DevToolsPropertyDefaultsPostProcessor : For additional web related logging consider setting the 'logging.level.web' property to 'DEBUG'
2021-01-17 10:42:41.428  INFO 7220 --- [restartedMain] .s.d.r.c.RepositoryConfigurationDelegate : Bootstrapping Spring Data JPA repositories in DEFAULT mode.
2021-01-17 10:42:41.507  INFO 7220 --- [restartedMain] .s.d.r.c.RepositoryConfigurationDelegate : Finished Spring Data repository scanning in 67ms. Found 1 JPA repository interfaces.
2021-01-17 10:42:41.963  INFO 7220 --- [restartedMain] trationDelegate$BeanPostProcessorChecker : Bean 'org.springframework.transaction.annotation.ProxyTransactionManagementConfiguration' of type [org.springframework.transaction.annotation.ProxyTransactionManagementConfiguration] is not eligible for getting processed by all BeanPostProcessors (for example: not eligible for auto-proxying)
2021-01-17 10:42:43.131  INFO 7220 --- [restartedMain] o.s.b.w.embedded.tomcat.TomcatWebServer  : Tomcat initialized with port(s): 8080 (http)
2021-01-17 10:42:43.144  INFO 7220 --- [restartedMain] o.apache.catalina.core.StandardService   : Starting service [Tomcat]
2021-01-17 10:42:43.144  INFO 7220 --- [restartedMain] org.apache.catalina.core.StandardEngine  : Starting Servlet engine: [Apache Tomcat/9.0.29]
2021-01-17 10:42:43.249  INFO 7220 --- [restartedMain] o.a.c.c.C.[Tomcat].[localhost].[/]       : Initializing Spring embedded WebApplicationContext
2021-01-17 10:42:43.250  INFO 7220 --- [restartedMain] o.s.web.context.ContextLoader            : Root WebApplicationContext: initialization completed in 3161 ms
2021-01-17 10:42:43.718  INFO 7220 --- [restartedMain] o.f.c.internal.license.VersionPrinter    : Flyway Community Edition 6.0.8 by Redgate
2021-01-17 10:42:43.726  INFO 7220 --- [restartedMain] com.zaxxer.hikari.HikariDataSource       : HikariPool-1 - Starting...
2021-01-17 10:42:43.961  INFO 7220 --- [restartedMain] com.zaxxer.hikari.HikariDataSource       : HikariPool-1 - Start completed.
2021-01-17 10:42:43.993  INFO 7220 --- [restartedMain] o.f.c.internal.database.DatabaseFactory  : Database: jdbc:postgresql://localhost:5432/tarefas (PostgreSQL 9.6)
2021-01-17 10:42:44.030  INFO 7220 --- [restartedMain] o.f.core.internal.command.DbValidate     : Successfully validated 1 migration (execution time 00:00.015s)
2021-01-17 10:42:44.048  INFO 7220 --- [restartedMain] o.f.c.i.s.JdbcTableSchemaHistory         : Creating Schema History table "public"."flyway_schema_history" ...
2021-01-17 10:42:44.099  INFO 7220 --- [restartedMain] o.f.core.internal.command.DbMigrate      : Current version of schema "public": << Empty Schema >>
2021-01-17 10:42:44.104  INFO 7220 --- [restartedMain] o.f.core.internal.command.DbMigrate      : Migrating schema "public" to version 1 - init
2021-01-17 10:42:44.123  INFO 7220 --- [restartedMain] o.f.core.internal.command.DbMigrate      : Successfully applied 1 migration to schema "public" (execution time 00:00.028s)
2021-01-17 10:42:44.236  INFO 7220 --- [restartedMain] o.hibernate.jpa.internal.util.LogHelper  : HHH000204: Processing PersistenceUnitInfo [name: default]
2021-01-17 10:42:44.327  INFO 7220 --- [restartedMain] org.hibernate.Version                    : HHH000412: Hibernate Core {5.4.9.Final}
2021-01-17 10:42:44.486  INFO 7220 --- [restartedMain] o.hibernate.annotations.common.Version   : HCANN000001: Hibernate Commons Annotations {5.1.0.Final}
2021-01-17 10:42:44.610  INFO 7220 --- [restartedMain] org.hibernate.dialect.Dialect            : HHH000400: Using dialect: org.hibernate.dialect.PostgreSQL9Dialect
2021-01-17 10:42:45.334  INFO 7220 --- [restartedMain] o.h.e.t.j.p.i.JtaPlatformInitiator       : HHH000490: Using JtaPlatform implementation: [org.hibernate.engine.transaction.jta.platform.internal.NoJtaPlatform]
2021-01-17 10:42:45.342  INFO 7220 --- [restartedMain] j.LocalContainerEntityManagerFactoryBean : Initialized JPA EntityManagerFactory for persistence unit 'default'
2021-01-17 10:42:45.357  INFO 7220 --- [restartedMain] o.s.b.d.a.OptionalLiveReloadServer       : LiveReload server is running on port 35729
2021-01-17 10:42:45.959  WARN 7220 --- [restartedMain] JpaBaseConfiguration$JpaWebConfiguration : spring.jpa.open-in-view is enabled by default. Therefore, database queries may be performed during view rendering. Explicitly configure spring.jpa.open-in-view to disable this warning
2021-01-17 10:42:46.331  INFO 7220 --- [restartedMain] o.s.b.a.e.web.EndpointLinksResolver      : Exposing 15 endpoint(s) beneath base path '/actuator'
2021-01-17 10:42:46.523  INFO 7220 --- [restartedMain] o.s.s.concurrent.ThreadPoolTaskExecutor  : Initializing ExecutorService 'applicationTaskExecutor'
2021-01-17 10:42:46.756  INFO 7220 --- [restartedMain] d.s.w.p.DocumentationPluginsBootstrapper : Context refreshed
2021-01-17 10:42:46.783  INFO 7220 --- [restartedMain] d.s.w.p.DocumentationPluginsBootstrapper : Found 1 custom documentation plugin(s)
2021-01-17 10:42:46.798  INFO 7220 --- [restartedMain] s.d.s.w.s.ApiListingReferenceScanner     : Scanning for api listing references
2021-01-17 10:42:47.044  INFO 7220 --- [restartedMain] o.s.b.w.embedded.tomcat.TomcatWebServer  : Tomcat started on port(s): 8080 (http) with context path ''
2021-01-17 10:42:47.047  INFO 7220 --- [restartedMain] i.g.dougllas.todoapi.TodoApiApplication  : Started TodoApiApplication in 7.44 seconds (JVM running for 7.958)
2021-01-17 10:49:53.771  INFO 7216 --- [restartedMain] i.g.dougllas.todoapi.TodoApiApplication  : Starting TodoApiApplication on DESKTOP-45B3MA9 with PID 7216 (started by Hamden in D:\Hamden\Reposit贸rio\Sistemas\Projetos\Fontes\tarefas\desenvolvimento\tarefas)
2021-01-17 10:49:53.775  INFO 7216 --- [restartedMain] i.g.dougllas.todoapi.TodoApiApplication  : No active profile set, falling back to default profiles: default
2021-01-17 10:49:53.832  INFO 7216 --- [restartedMain] o.s.b.devtools.restart.ChangeableUrls    : The Class-Path manifest attribute in C:\Users\Hamden\.m2\repository\org\glassfish\jaxb\jaxb-runtime\2.3.2\jaxb-runtime-2.3.2.jar referenced one or more files that do not exist: file:/C:/Users/Hamden/.m2/repository/org/glassfish/jaxb/jaxb-runtime/2.3.2/jakarta.xml.bind-api-2.3.2.jar,file:/C:/Users/Hamden/.m2/repository/org/glassfish/jaxb/jaxb-runtime/2.3.2/txw2-2.3.2.jar,file:/C:/Users/Hamden/.m2/repository/org/glassfish/jaxb/jaxb-runtime/2.3.2/istack-commons-runtime-3.0.8.jar,file:/C:/Users/Hamden/.m2/repository/org/glassfish/jaxb/jaxb-runtime/2.3.2/stax-ex-1.8.1.jar,file:/C:/Users/Hamden/.m2/repository/org/glassfish/jaxb/jaxb-runtime/2.3.2/FastInfoset-1.2.16.jar,file:/C:/Users/Hamden/.m2/repository/org/glassfish/jaxb/jaxb-runtime/2.3.2/jakarta.activation-api-1.2.1.jar
2021-01-17 10:49:53.832  INFO 7216 --- [restartedMain] .e.DevToolsPropertyDefaultsPostProcessor : Devtools property defaults active! Set 'spring.devtools.add-properties' to 'false' to disable
2021-01-17 10:49:53.832  INFO 7216 --- [restartedMain] .e.DevToolsPropertyDefaultsPostProcessor : For additional web related logging consider setting the 'logging.level.web' property to 'DEBUG'
2021-01-17 10:49:55.190  INFO 7216 --- [restartedMain] .s.d.r.c.RepositoryConfigurationDelegate : Bootstrapping Spring Data JPA repositories in DEFAULT mode.
2021-01-17 10:49:55.276  INFO 7216 --- [restartedMain] .s.d.r.c.RepositoryConfigurationDelegate : Finished Spring Data repository scanning in 70ms. Found 1 JPA repository interfaces.
2021-01-17 10:49:55.813  INFO 7216 --- [restartedMain] trationDelegate$BeanPostProcessorChecker : Bean 'org.springframework.transaction.annotation.ProxyTransactionManagementConfiguration' of type [org.springframework.transaction.annotation.ProxyTransactionManagementConfiguration] is not eligible for getting processed by all BeanPostProcessors (for example: not eligible for auto-proxying)
2021-01-17 10:49:56.952  INFO 7216 --- [restartedMain] o.s.b.w.embedded.tomcat.TomcatWebServer  : Tomcat initialized with port(s): 8080 (http)
2021-01-17 10:49:56.964  INFO 7216 --- [restartedMain] o.apache.catalina.core.StandardService   : Starting service [Tomcat]
2021-01-17 10:49:56.965  INFO 7216 --- [restartedMain] org.apache.catalina.core.StandardEngine  : Starting Servlet engine: [Apache Tomcat/9.0.29]
2021-01-17 10:49:57.065  INFO 7216 --- [restartedMain] o.a.c.c.C.[Tomcat].[localhost].[/]       : Initializing Spring embedded WebApplicationContext
2021-01-17 10:49:57.065  INFO 7216 --- [restartedMain] o.s.web.context.ContextLoader            : Root WebApplicationContext: initialization completed in 3233 ms
2021-01-17 10:49:57.549  INFO 7216 --- [restartedMain] o.f.c.internal.license.VersionPrinter    : Flyway Community Edition 6.0.8 by Redgate
2021-01-17 10:49:57.557  INFO 7216 --- [restartedMain] com.zaxxer.hikari.HikariDataSource       : HikariPool-1 - Starting...
2021-01-17 10:49:57.774  INFO 7216 --- [restartedMain] com.zaxxer.hikari.HikariDataSource       : HikariPool-1 - Start completed.
2021-01-17 10:49:57.803  INFO 7216 --- [restartedMain] o.f.c.internal.database.DatabaseFactory  : Database: jdbc:postgresql://localhost:5432/tarefas (PostgreSQL 9.6)
2021-01-17 10:49:57.840  INFO 7216 --- [restartedMain] o.f.core.internal.command.DbValidate     : Successfully validated 1 migration (execution time 00:00.020s)
2021-01-17 10:49:57.846  INFO 7216 --- [restartedMain] o.f.core.internal.command.DbMigrate      : Current version of schema "public": 1
2021-01-17 10:49:57.846  INFO 7216 --- [restartedMain] o.f.core.internal.command.DbMigrate      : Schema "public" is up to date. No migration necessary.
2021-01-17 10:49:57.939  INFO 7216 --- [restartedMain] o.hibernate.jpa.internal.util.LogHelper  : HHH000204: Processing PersistenceUnitInfo [name: default]
2021-01-17 10:49:58.038  INFO 7216 --- [restartedMain] org.hibernate.Version                    : HHH000412: Hibernate Core {5.4.9.Final}
2021-01-17 10:49:58.202  INFO 7216 --- [restartedMain] o.hibernate.annotations.common.Version   : HCANN000001: Hibernate Commons Annotations {5.1.0.Final}
2021-01-17 10:49:58.321  INFO 7216 --- [restartedMain] org.hibernate.dialect.Dialect            : HHH000400: Using dialect: org.hibernate.dialect.PostgreSQL9Dialect
2021-01-17 10:49:59.310  INFO 7216 --- [restartedMain] o.h.e.t.j.p.i.JtaPlatformInitiator       : HHH000490: Using JtaPlatform implementation: [org.hibernate.engine.transaction.jta.platform.internal.NoJtaPlatform]
2021-01-17 10:49:59.321  INFO 7216 --- [restartedMain] j.LocalContainerEntityManagerFactoryBean : Initialized JPA EntityManagerFactory for persistence unit 'default'
2021-01-17 10:49:59.337  INFO 7216 --- [restartedMain] o.s.b.d.a.OptionalLiveReloadServer       : LiveReload server is running on port 35729
2021-01-17 10:50:00.034  WARN 7216 --- [restartedMain] JpaBaseConfiguration$JpaWebConfiguration : spring.jpa.open-in-view is enabled by default. Therefore, database queries may be performed during view rendering. Explicitly configure spring.jpa.open-in-view to disable this warning
2021-01-17 10:50:00.209  INFO 7216 --- [restartedMain] o.s.b.a.e.web.EndpointLinksResolver      : Exposing 15 endpoint(s) beneath base path '/actuator'
2021-01-17 10:50:00.614  INFO 7216 --- [restartedMain] o.s.s.concurrent.ThreadPoolTaskExecutor  : Initializing ExecutorService 'applicationTaskExecutor'
2021-01-17 10:50:00.854  INFO 7216 --- [restartedMain] d.s.w.p.DocumentationPluginsBootstrapper : Context refreshed
2021-01-17 10:50:00.882  INFO 7216 --- [restartedMain] d.s.w.p.DocumentationPluginsBootstrapper : Found 1 custom documentation plugin(s)
2021-01-17 10:50:00.894  INFO 7216 --- [restartedMain] s.d.s.w.s.ApiListingReferenceScanner     : Scanning for api listing references
2021-01-17 10:50:01.146  INFO 7216 --- [restartedMain] o.s.b.w.embedded.tomcat.TomcatWebServer  : Tomcat started on port(s): 8080 (http) with context path ''
2021-01-17 10:50:01.150  INFO 7216 --- [restartedMain] i.g.dougllas.todoapi.TodoApiApplication  : Started TodoApiApplication in 7.789 seconds (JVM running for 8.313)
2021-01-17 10:50:37.163  INFO 7216 --- [http-nio-8080-exec-1] o.a.c.c.C.[Tomcat].[localhost].[/]       : Initializing Spring DispatcherServlet 'dispatcherServlet'
2021-01-17 10:50:37.164  INFO 7216 --- [http-nio-8080-exec-1] o.s.web.servlet.DispatcherServlet        : Initializing Servlet 'dispatcherServlet'
2021-01-17 10:50:37.180  INFO 7216 --- [http-nio-8080-exec-1] o.s.web.servlet.DispatcherServlet        : Completed initialization in 16 ms
2021-01-17 10:51:10.566  WARN 7216 --- [http-nio-8080-exec-7] .w.s.m.s.DefaultHandlerExceptionResolver : Resolved [org.springframework.web.bind.MissingRequestHeaderException: Missing request header 'x-tenant-id' for method parameter of type String]
2021-01-17 10:51:57.414  WARN 7216 --- [http-nio-8080-exec-3] .w.s.m.s.DefaultHandlerExceptionResolver : Resolved [org.springframework.web.bind.MissingRequestHeaderException: Missing request header 'x-tenant-id' for method parameter of type String]
2021-01-17 10:52:26.323  WARN 7216 --- [http-nio-8080-exec-8] .w.s.m.s.DefaultHandlerExceptionResolver : Resolved [org.springframework.web.bind.MissingRequestHeaderException: Missing request header 'x-tenant-id' for method parameter of type String]
2021-01-17 10:53:55.357  WARN 7216 --- [http-nio-8080-exec-3] .w.s.m.s.DefaultHandlerExceptionResolver : Resolved [org.springframework.web.bind.MissingRequestHeaderException: Missing request header 'x-tenant-id' for method parameter of type String]
2021-01-17 14:22:32.105  INFO 16416 --- [restartedMain] i.g.dougllas.todoapi.TodoApiApplication  : Starting TodoApiApplication on DESKTOP-45B3MA9 with PID 16416 (started by Hamden in D:\Hamden\Reposit贸rio\Sistemas\Projetos\Fontes\tarefas\desenvolvimento\tarefas)
2021-01-17 14:22:32.167  INFO 16416 --- [restartedMain] i.g.dougllas.todoapi.TodoApiApplication  : No active profile set, falling back to default profiles: default
2021-01-17 14:22:32.226  INFO 16416 --- [restartedMain] o.s.b.devtools.restart.ChangeableUrls    : The Class-Path manifest attribute in C:\Users\Hamden\.m2\repository\org\glassfish\jaxb\jaxb-runtime\2.3.2\jaxb-runtime-2.3.2.jar referenced one or more files that do not exist: file:/C:/Users/Hamden/.m2/repository/org/glassfish/jaxb/jaxb-runtime/2.3.2/jakarta.xml.bind-api-2.3.2.jar,file:/C:/Users/Hamden/.m2/repository/org/glassfish/jaxb/jaxb-runtime/2.3.2/txw2-2.3.2.jar,file:/C:/Users/Hamden/.m2/repository/org/glassfish/jaxb/jaxb-runtime/2.3.2/istack-commons-runtime-3.0.8.jar,file:/C:/Users/Hamden/.m2/repository/org/glassfish/jaxb/jaxb-runtime/2.3.2/stax-ex-1.8.1.jar,file:/C:/Users/Hamden/.m2/repository/org/glassfish/jaxb/jaxb-runtime/2.3.2/FastInfoset-1.2.16.jar,file:/C:/Users/Hamden/.m2/repository/org/glassfish/jaxb/jaxb-runtime/2.3.2/jakarta.activation-api-1.2.1.jar
2021-01-17 14:22:32.227  INFO 16416 --- [restartedMain] .e.DevToolsPropertyDefaultsPostProcessor : Devtools property defaults active! Set 'spring.devtools.add-properties' to 'false' to disable
2021-01-17 14:22:32.227  INFO 16416 --- [restartedMain] .e.DevToolsPropertyDefaultsPostProcessor : For additional web related logging consider setting the 'logging.level.web' property to 'DEBUG'
2021-01-17 14:22:33.704  INFO 16416 --- [restartedMain] .s.d.r.c.RepositoryConfigurationDelegate : Bootstrapping Spring Data JPA repositories in DEFAULT mode.
2021-01-17 14:22:33.786  INFO 16416 --- [restartedMain] .s.d.r.c.RepositoryConfigurationDelegate : Finished Spring Data repository scanning in 70ms. Found 1 JPA repository interfaces.
2021-01-17 14:22:34.304  INFO 16416 --- [restartedMain] trationDelegate$BeanPostProcessorChecker : Bean 'org.springframework.transaction.annotation.ProxyTransactionManagementConfiguration' of type [org.springframework.transaction.annotation.ProxyTransactionManagementConfiguration] is not eligible for getting processed by all BeanPostProcessors (for example: not eligible for auto-proxying)
2021-01-17 14:22:35.419  INFO 16416 --- [restartedMain] o.s.b.w.embedded.tomcat.TomcatWebServer  : Tomcat initialized with port(s): 3000 (http)
2021-01-17 14:22:35.437  INFO 16416 --- [restartedMain] o.apache.catalina.core.StandardService   : Starting service [Tomcat]
2021-01-17 14:22:35.437  INFO 16416 --- [restartedMain] org.apache.catalina.core.StandardEngine  : Starting Servlet engine: [Apache Tomcat/9.0.29]
2021-01-17 14:22:35.598  INFO 16416 --- [restartedMain] o.a.c.c.C.[Tomcat].[localhost].[/]       : Initializing Spring embedded WebApplicationContext
2021-01-17 14:22:35.599  INFO 16416 --- [restartedMain] o.s.web.context.ContextLoader            : Root WebApplicationContext: initialization completed in 3372 ms
2021-01-17 14:22:36.212  INFO 16416 --- [restartedMain] o.f.c.internal.license.VersionPrinter    : Flyway Community Edition 6.0.8 by Redgate
2021-01-17 14:22:36.224  INFO 16416 --- [restartedMain] com.zaxxer.hikari.HikariDataSource       : HikariPool-1 - Starting...
2021-01-17 14:22:36.529  INFO 16416 --- [restartedMain] com.zaxxer.hikari.HikariDataSource       : HikariPool-1 - Start completed.
2021-01-17 14:22:36.583  INFO 16416 --- [restartedMain] o.f.c.internal.database.DatabaseFactory  : Database: jdbc:postgresql://localhost:5432/tarefas (PostgreSQL 9.6)
2021-01-17 14:22:36.641  INFO 16416 --- [restartedMain] o.f.core.internal.command.DbValidate     : Successfully validated 1 migration (execution time 00:00.027s)
2021-01-17 14:22:36.651  INFO 16416 --- [restartedMain] o.f.core.internal.command.DbMigrate      : Current version of schema "public": 1
2021-01-17 14:22:36.653  INFO 16416 --- [restartedMain] o.f.core.internal.command.DbMigrate      : Schema "public" is up to date. No migration necessary.
2021-01-17 14:22:36.789  INFO 16416 --- [restartedMain] o.hibernate.jpa.internal.util.LogHelper  : HHH000204: Processing PersistenceUnitInfo [name: default]
2021-01-17 14:22:36.906  INFO 16416 --- [restartedMain] org.hibernate.Version                    : HHH000412: Hibernate Core {5.4.9.Final}
2021-01-17 14:22:37.116  INFO 16416 --- [restartedMain] o.hibernate.annotations.common.Version   : HCANN000001: Hibernate Commons Annotations {5.1.0.Final}
2021-01-17 14:22:37.309  INFO 16416 --- [restartedMain] org.hibernate.dialect.Dialect            : HHH000400: Using dialect: org.hibernate.dialect.PostgreSQL9Dialect
2021-01-17 14:22:38.227  INFO 16416 --- [restartedMain] o.h.e.t.j.p.i.JtaPlatformInitiator       : HHH000490: Using JtaPlatform implementation: [org.hibernate.engine.transaction.jta.platform.internal.NoJtaPlatform]
2021-01-17 14:22:38.235  INFO 16416 --- [restartedMain] j.LocalContainerEntityManagerFactoryBean : Initialized JPA EntityManagerFactory for persistence unit 'default'
2021-01-17 14:22:38.252  INFO 16416 --- [restartedMain] o.s.b.d.a.OptionalLiveReloadServer       : LiveReload server is running on port 35729
2021-01-17 14:22:38.903  WARN 16416 --- [restartedMain] JpaBaseConfiguration$JpaWebConfiguration : spring.jpa.open-in-view is enabled by default. Therefore, database queries may be performed during view rendering. Explicitly configure spring.jpa.open-in-view to disable this warning
2021-01-17 14:22:39.309  INFO 16416 --- [restartedMain] o.s.b.a.e.web.EndpointLinksResolver      : Exposing 15 endpoint(s) beneath base path '/actuator'
2021-01-17 14:22:39.522  INFO 16416 --- [restartedMain] o.s.s.concurrent.ThreadPoolTaskExecutor  : Initializing ExecutorService 'applicationTaskExecutor'
2021-01-17 14:22:39.811  INFO 16416 --- [restartedMain] d.s.w.p.DocumentationPluginsBootstrapper : Context refreshed
2021-01-17 14:22:39.851  INFO 16416 --- [restartedMain] d.s.w.p.DocumentationPluginsBootstrapper : Found 1 custom documentation plugin(s)
2021-01-17 14:22:39.875  INFO 16416 --- [restartedMain] s.d.s.w.s.ApiListingReferenceScanner     : Scanning for api listing references
2021-01-17 14:22:40.125  INFO 16416 --- [restartedMain] o.apache.catalina.core.StandardService   : Stopping service [Tomcat]
2021-01-17 14:22:40.134  INFO 16416 --- [restartedMain] ConditionEvaluationReportLoggingListener : 

Error starting ApplicationContext. To display the conditions report re-run your application with 'debug' enabled.
2021-01-17 14:22:40.136 ERROR 16416 --- [restartedMain] o.s.b.d.LoggingFailureAnalysisReporter   : 

***************************
APPLICATION FAILED TO START
***************************

Description:

Web server failed to start. Port 3000 was already in use.

Action:

Identify and stop the process that's listening on port 3000 or configure this application to listen on another port.

2021-01-17 14:22:40.141  INFO 16416 --- [restartedMain] o.s.s.concurrent.ThreadPoolTaskExecutor  : Shutting down ExecutorService 'applicationTaskExecutor'
2021-01-17 14:22:40.146  INFO 16416 --- [restartedMain] j.LocalContainerEntityManagerFactoryBean : Closing JPA EntityManagerFactory for persistence unit 'default'
2021-01-17 14:22:40.150  INFO 16416 --- [restartedMain] com.zaxxer.hikari.HikariDataSource       : HikariPool-1 - Shutdown initiated...
2021-01-17 14:22:40.158  INFO 16416 --- [restartedMain] com.zaxxer.hikari.HikariDataSource       : HikariPool-1 - Shutdown completed.
2021-01-17 14:23:14.230  INFO 14020 --- [restartedMain] i.g.dougllas.todoapi.TodoApiApplication  : Starting TodoApiApplication on DESKTOP-45B3MA9 with PID 14020 (started by Hamden in D:\Hamden\Reposit贸rio\Sistemas\Projetos\Fontes\tarefas\desenvolvimento\tarefas)
2021-01-17 14:23:14.234  INFO 14020 --- [restartedMain] i.g.dougllas.todoapi.TodoApiApplication  : No active profile set, falling back to default profiles: default
2021-01-17 14:23:14.291  INFO 14020 --- [restartedMain] o.s.b.devtools.restart.ChangeableUrls    : The Class-Path manifest attribute in C:\Users\Hamden\.m2\repository\org\glassfish\jaxb\jaxb-runtime\2.3.2\jaxb-runtime-2.3.2.jar referenced one or more files that do not exist: file:/C:/Users/Hamden/.m2/repository/org/glassfish/jaxb/jaxb-runtime/2.3.2/jakarta.xml.bind-api-2.3.2.jar,file:/C:/Users/Hamden/.m2/repository/org/glassfish/jaxb/jaxb-runtime/2.3.2/txw2-2.3.2.jar,file:/C:/Users/Hamden/.m2/repository/org/glassfish/jaxb/jaxb-runtime/2.3.2/istack-commons-runtime-3.0.8.jar,file:/C:/Users/Hamden/.m2/repository/org/glassfish/jaxb/jaxb-runtime/2.3.2/stax-ex-1.8.1.jar,file:/C:/Users/Hamden/.m2/repository/org/glassfish/jaxb/jaxb-runtime/2.3.2/FastInfoset-1.2.16.jar,file:/C:/Users/Hamden/.m2/repository/org/glassfish/jaxb/jaxb-runtime/2.3.2/jakarta.activation-api-1.2.1.jar
2021-01-17 14:23:14.292  INFO 14020 --- [restartedMain] .e.DevToolsPropertyDefaultsPostProcessor : Devtools property defaults active! Set 'spring.devtools.add-properties' to 'false' to disable
2021-01-17 14:23:14.292  INFO 14020 --- [restartedMain] .e.DevToolsPropertyDefaultsPostProcessor : For additional web related logging consider setting the 'logging.level.web' property to 'DEBUG'
2021-01-17 14:23:15.683  INFO 14020 --- [restartedMain] .s.d.r.c.RepositoryConfigurationDelegate : Bootstrapping Spring Data JPA repositories in DEFAULT mode.
2021-01-17 14:23:15.769  INFO 14020 --- [restartedMain] .s.d.r.c.RepositoryConfigurationDelegate : Finished Spring Data repository scanning in 70ms. Found 1 JPA repository interfaces.
2021-01-17 14:23:16.227  INFO 14020 --- [restartedMain] trationDelegate$BeanPostProcessorChecker : Bean 'org.springframework.transaction.annotation.ProxyTransactionManagementConfiguration' of type [org.springframework.transaction.annotation.ProxyTransactionManagementConfiguration] is not eligible for getting processed by all BeanPostProcessors (for example: not eligible for auto-proxying)
2021-01-17 14:23:17.318  INFO 14020 --- [restartedMain] o.s.b.w.embedded.tomcat.TomcatWebServer  : Tomcat initialized with port(s): 8080 (http)
2021-01-17 14:23:17.336  INFO 14020 --- [restartedMain] o.apache.catalina.core.StandardService   : Starting service [Tomcat]
2021-01-17 14:23:17.336  INFO 14020 --- [restartedMain] org.apache.catalina.core.StandardEngine  : Starting Servlet engine: [Apache Tomcat/9.0.29]
2021-01-17 14:23:17.446  INFO 14020 --- [restartedMain] o.a.c.c.C.[Tomcat].[localhost].[/]       : Initializing Spring embedded WebApplicationContext
2021-01-17 14:23:17.446  INFO 14020 --- [restartedMain] o.s.web.context.ContextLoader            : Root WebApplicationContext: initialization completed in 3154 ms
2021-01-17 14:23:17.955  INFO 14020 --- [restartedMain] o.f.c.internal.license.VersionPrinter    : Flyway Community Edition 6.0.8 by Redgate
2021-01-17 14:23:17.962  INFO 14020 --- [restartedMain] com.zaxxer.hikari.HikariDataSource       : HikariPool-1 - Starting...
2021-01-17 14:23:18.144  INFO 14020 --- [restartedMain] com.zaxxer.hikari.HikariDataSource       : HikariPool-1 - Start completed.
2021-01-17 14:23:18.174  INFO 14020 --- [restartedMain] o.f.c.internal.database.DatabaseFactory  : Database: jdbc:postgresql://localhost:5432/tarefas (PostgreSQL 9.6)
2021-01-17 14:23:18.220  INFO 14020 --- [restartedMain] o.f.core.internal.command.DbValidate     : Successfully validated 1 migration (execution time 00:00.025s)
2021-01-17 14:23:18.227  INFO 14020 --- [restartedMain] o.f.core.internal.command.DbMigrate      : Current version of schema "public": 1
2021-01-17 14:23:18.228  INFO 14020 --- [restartedMain] o.f.core.internal.command.DbMigrate      : Schema "public" is up to date. No migration necessary.
2021-01-17 14:23:18.337  INFO 14020 --- [restartedMain] o.hibernate.jpa.internal.util.LogHelper  : HHH000204: Processing PersistenceUnitInfo [name: default]
2021-01-17 14:23:18.440  INFO 14020 --- [restartedMain] org.hibernate.Version                    : HHH000412: Hibernate Core {5.4.9.Final}
2021-01-17 14:23:18.639  INFO 14020 --- [restartedMain] o.hibernate.annotations.common.Version   : HCANN000001: Hibernate Commons Annotations {5.1.0.Final}
2021-01-17 14:23:18.776  INFO 14020 --- [restartedMain] org.hibernate.dialect.Dialect            : HHH000400: Using dialect: org.hibernate.dialect.PostgreSQL9Dialect
2021-01-17 14:23:19.579  INFO 14020 --- [restartedMain] o.h.e.t.j.p.i.JtaPlatformInitiator       : HHH000490: Using JtaPlatform implementation: [org.hibernate.engine.transaction.jta.platform.internal.NoJtaPlatform]
2021-01-17 14:23:19.587  INFO 14020 --- [restartedMain] j.LocalContainerEntityManagerFactoryBean : Initialized JPA EntityManagerFactory for persistence unit 'default'
2021-01-17 14:23:19.606  INFO 14020 --- [restartedMain] o.s.b.d.a.OptionalLiveReloadServer       : LiveReload server is running on port 35729
2021-01-17 14:23:20.249  WARN 14020 --- [restartedMain] JpaBaseConfiguration$JpaWebConfiguration : spring.jpa.open-in-view is enabled by default. Therefore, database queries may be performed during view rendering. Explicitly configure spring.jpa.open-in-view to disable this warning
2021-01-17 14:23:20.402  INFO 14020 --- [restartedMain] o.s.b.a.e.web.EndpointLinksResolver      : Exposing 15 endpoint(s) beneath base path '/actuator'
2021-01-17 14:23:20.882  INFO 14020 --- [restartedMain] o.s.s.concurrent.ThreadPoolTaskExecutor  : Initializing ExecutorService 'applicationTaskExecutor'
2021-01-17 14:23:21.167  INFO 14020 --- [restartedMain] d.s.w.p.DocumentationPluginsBootstrapper : Context refreshed
2021-01-17 14:23:21.195  INFO 14020 --- [restartedMain] d.s.w.p.DocumentationPluginsBootstrapper : Found 1 custom documentation plugin(s)
2021-01-17 14:23:21.208  INFO 14020 --- [restartedMain] s.d.s.w.s.ApiListingReferenceScanner     : Scanning for api listing references
2021-01-17 14:23:21.476  INFO 14020 --- [restartedMain] o.s.b.w.embedded.tomcat.TomcatWebServer  : Tomcat started on port(s): 8080 (http) with context path ''
2021-01-17 14:23:21.479  INFO 14020 --- [restartedMain] i.g.dougllas.todoapi.TodoApiApplication  : Started TodoApiApplication in 7.653 seconds (JVM running for 8.215)
2021-01-17 14:23:44.255  INFO 14020 --- [http-nio-8080-exec-2] o.a.c.c.C.[Tomcat].[localhost].[/]       : Initializing Spring DispatcherServlet 'dispatcherServlet'
2021-01-17 14:23:44.256  INFO 14020 --- [http-nio-8080-exec-2] o.s.web.servlet.DispatcherServlet        : Initializing Servlet 'dispatcherServlet'
2021-01-17 14:23:44.269  INFO 14020 --- [http-nio-8080-exec-2] o.s.web.servlet.DispatcherServlet        : Completed initialization in 13 ms
2021-01-17 14:23:44.321  WARN 14020 --- [http-nio-8080-exec-2] .w.s.m.s.DefaultHandlerExceptionResolver : Resolved [org.springframework.web.bind.MissingRequestHeaderException: Missing request header 'x-tenant-id' for method parameter of type String]
2021-01-17 14:41:03.951  WARN 14020 --- [http-nio-8080-exec-5] .w.s.m.s.DefaultHandlerExceptionResolver : Resolved [org.springframework.web.HttpRequestMethodNotSupportedException: Request method 'GET' not supported]
2021-01-17 14:49:57.109  WARN 14020 --- [http-nio-8080-exec-8] .w.s.m.s.DefaultHandlerExceptionResolver : Resolved [org.springframework.http.converter.HttpMessageNotReadableException: JSON parse error: Cannot deserialize value of type `io.github.dougllas.todoapi.model.enums.Categoria` from String "": not one of the values accepted for Enum class: [OUTROS, TRABALHO, PESSOAL, ESTUDOS]; nested exception is com.fasterxml.jackson.databind.exc.InvalidFormatException: Cannot deserialize value of type `io.github.dougllas.todoapi.model.enums.Categoria` from String "": not one of the values accepted for Enum class: [OUTROS, TRABALHO, PESSOAL, ESTUDOS]
 at [Source: (PushbackInputStream); line: 1, column: 29] (through reference chain: io.github.dougllas.todoapi.api.resource.TodoDTO["categoria"])]
2021-01-17 15:51:09.481  INFO 3048 --- [main] i.g.d.todoapi.TodoApiApplicationTests    : Starting TodoApiApplicationTests on DESKTOP-45B3MA9 with PID 3048 (started by Hamden in D:\Hamden\Repositrio\Sistemas\Projetos\Fontes\tarefas\desenvolvimento\tarefas)
2021-01-17 15:51:09.482  INFO 3048 --- [main] i.g.d.todoapi.TodoApiApplicationTests    : No active profile set, falling back to default profiles: default
2021-01-17 15:51:11.202  INFO 3048 --- [main] .s.d.r.c.RepositoryConfigurationDelegate : Bootstrapping Spring Data JPA repositories in DEFAULT mode.
2021-01-17 15:51:11.292  INFO 3048 --- [main] .s.d.r.c.RepositoryConfigurationDelegate : Finished Spring Data repository scanning in 77ms. Found 1 JPA repository interfaces.
2021-01-17 15:51:11.917  INFO 3048 --- [main] trationDelegate$BeanPostProcessorChecker : Bean 'org.springframework.transaction.annotation.ProxyTransactionManagementConfiguration' of type [org.springframework.transaction.annotation.ProxyTransactionManagementConfiguration] is not eligible for getting processed by all BeanPostProcessors (for example: not eligible for auto-proxying)
2021-01-17 15:51:12.190  INFO 3048 --- [main] o.f.c.internal.license.VersionPrinter    : Flyway Community Edition 6.0.8 by Redgate
2021-01-17 15:51:12.202  INFO 3048 --- [main] com.zaxxer.hikari.HikariDataSource       : HikariPool-1 - Starting...
2021-01-17 15:51:12.465  INFO 3048 --- [main] com.zaxxer.hikari.HikariDataSource       : HikariPool-1 - Start completed.
2021-01-17 15:51:12.503  INFO 3048 --- [main] o.f.c.internal.database.DatabaseFactory  : Database: jdbc:postgresql://localhost:5432/tarefas (PostgreSQL 9.6)
2021-01-17 15:51:12.571  INFO 3048 --- [main] o.f.core.internal.command.DbValidate     : Successfully validated 1 migration (execution time 00:00.040s)
2021-01-17 15:51:12.582  INFO 3048 --- [main] o.f.core.internal.command.DbMigrate      : Current version of schema "public": 1
2021-01-17 15:51:12.583  INFO 3048 --- [main] o.f.core.internal.command.DbMigrate      : Schema "public" is up to date. No migration necessary.
2021-01-17 15:51:12.792  INFO 3048 --- [main] o.hibernate.jpa.internal.util.LogHelper  : HHH000204: Processing PersistenceUnitInfo [name: default]
2021-01-17 15:51:12.960  INFO 3048 --- [main] org.hibernate.Version                    : HHH000412: Hibernate Core {5.4.9.Final}
2021-01-17 15:51:13.060  INFO 3048 --- [main] o.hibernate.annotations.common.Version   : HCANN000001: Hibernate Commons Annotations {5.1.0.Final}
2021-01-17 15:51:13.732  INFO 3048 --- [main] org.hibernate.dialect.Dialect            : HHH000400: Using dialect: org.hibernate.dialect.PostgreSQL9Dialect
2021-01-17 15:51:14.505  INFO 3048 --- [main] o.h.e.t.j.p.i.JtaPlatformInitiator       : HHH000490: Using JtaPlatform implementation: [org.hibernate.engine.transaction.jta.platform.internal.NoJtaPlatform]
2021-01-17 15:51:14.516  INFO 3048 --- [main] j.LocalContainerEntityManagerFactoryBean : Initialized JPA EntityManagerFactory for persistence unit 'default'
2021-01-17 15:51:15.545  WARN 3048 --- [main] JpaBaseConfiguration$JpaWebConfiguration : spring.jpa.open-in-view is enabled by default. Therefore, database queries may be performed during view rendering. Explicitly configure spring.jpa.open-in-view to disable this warning
2021-01-17 15:51:16.193  INFO 3048 --- [main] o.s.b.a.e.web.EndpointLinksResolver      : Exposing 15 endpoint(s) beneath base path '/actuator'
2021-01-17 15:51:17.042  INFO 3048 --- [main] o.s.s.concurrent.ThreadPoolTaskExecutor  : Initializing ExecutorService 'applicationTaskExecutor'
2021-01-17 15:51:17.489  INFO 3048 --- [main] d.s.w.p.DocumentationPluginsBootstrapper : Context refreshed
2021-01-17 15:51:17.524  INFO 3048 --- [main] d.s.w.p.DocumentationPluginsBootstrapper : Found 1 custom documentation plugin(s)
2021-01-17 15:51:17.549  INFO 3048 --- [main] s.d.s.w.s.ApiListingReferenceScanner     : Scanning for api listing references
2021-01-17 15:51:17.779  INFO 3048 --- [main] i.g.d.todoapi.TodoApiApplicationTests    : Started TodoApiApplicationTests in 8.585 seconds (JVM running for 10.965)
2021-01-17 15:51:17.931  INFO 3048 --- [SpringContextShutdownHook] o.s.s.concurrent.ThreadPoolTaskExecutor  : Shutting down ExecutorService 'applicationTaskExecutor'
2021-01-17 15:51:17.940  INFO 3048 --- [SpringContextShutdownHook] j.LocalContainerEntityManagerFactoryBean : Closing JPA EntityManagerFactory for persistence unit 'default'
2021-01-17 15:51:17.943  INFO 3048 --- [SpringContextShutdownHook] com.zaxxer.hikari.HikariDataSource       : HikariPool-1 - Shutdown initiated...
2021-01-17 15:51:17.949  INFO 3048 --- [SpringContextShutdownHook] com.zaxxer.hikari.HikariDataSource       : HikariPool-1 - Shutdown completed.
2021-01-17 15:54:29.945  INFO 7300 --- [main] i.g.d.todoapi.TodoApiApplicationTests    : Starting TodoApiApplicationTests on DESKTOP-45B3MA9 with PID 7300 (started by Hamden in D:\Hamden\Repositrio\Sistemas\Projetos\Fontes\tarefas\desenvolvimento\tarefas)
2021-01-17 15:54:29.946  INFO 7300 --- [main] i.g.d.todoapi.TodoApiApplicationTests    : No active profile set, falling back to default profiles: default
2021-01-17 15:54:31.023  INFO 7300 --- [main] .s.d.r.c.RepositoryConfigurationDelegate : Bootstrapping Spring Data JPA repositories in DEFAULT mode.
2021-01-17 15:54:31.073  INFO 7300 --- [main] .s.d.r.c.RepositoryConfigurationDelegate : Finished Spring Data repository scanning in 41ms. Found 1 JPA repository interfaces.
2021-01-17 15:54:31.477  INFO 7300 --- [main] trationDelegate$BeanPostProcessorChecker : Bean 'org.springframework.transaction.annotation.ProxyTransactionManagementConfiguration' of type [org.springframework.transaction.annotation.ProxyTransactionManagementConfiguration] is not eligible for getting processed by all BeanPostProcessors (for example: not eligible for auto-proxying)
2021-01-17 15:54:31.647  INFO 7300 --- [main] o.f.c.internal.license.VersionPrinter    : Flyway Community Edition 6.0.8 by Redgate
2021-01-17 15:54:31.656  INFO 7300 --- [main] com.zaxxer.hikari.HikariDataSource       : HikariPool-1 - Starting...
2021-01-17 15:54:31.861  INFO 7300 --- [main] com.zaxxer.hikari.HikariDataSource       : HikariPool-1 - Start completed.
2021-01-17 15:54:31.894  INFO 7300 --- [main] o.f.c.internal.database.DatabaseFactory  : Database: jdbc:postgresql://localhost:5432/tarefas (PostgreSQL 9.6)
2021-01-17 15:54:31.934  INFO 7300 --- [main] o.f.core.internal.command.DbValidate     : Successfully validated 1 migration (execution time 00:00.023s)
2021-01-17 15:54:31.941  INFO 7300 --- [main] o.f.core.internal.command.DbMigrate      : Current version of schema "public": 1
2021-01-17 15:54:31.942  INFO 7300 --- [main] o.f.core.internal.command.DbMigrate      : Schema "public" is up to date. No migration necessary.
2021-01-17 15:54:32.059  INFO 7300 --- [main] o.hibernate.jpa.internal.util.LogHelper  : HHH000204: Processing PersistenceUnitInfo [name: default]
2021-01-17 15:54:32.143  INFO 7300 --- [main] org.hibernate.Version                    : HHH000412: Hibernate Core {5.4.9.Final}
2021-01-17 15:54:32.195  INFO 7300 --- [main] o.hibernate.annotations.common.Version   : HCANN000001: Hibernate Commons Annotations {5.1.0.Final}
2021-01-17 15:54:32.707  INFO 7300 --- [main] org.hibernate.dialect.Dialect            : HHH000400: Using dialect: org.hibernate.dialect.PostgreSQL9Dialect
2021-01-17 15:54:33.196  INFO 7300 --- [main] o.h.e.t.j.p.i.JtaPlatformInitiator       : HHH000490: Using JtaPlatform implementation: [org.hibernate.engine.transaction.jta.platform.internal.NoJtaPlatform]
2021-01-17 15:54:33.203  INFO 7300 --- [main] j.LocalContainerEntityManagerFactoryBean : Initialized JPA EntityManagerFactory for persistence unit 'default'
2021-01-17 15:54:33.984  WARN 7300 --- [main] JpaBaseConfiguration$JpaWebConfiguration : spring.jpa.open-in-view is enabled by default. Therefore, database queries may be performed during view rendering. Explicitly configure spring.jpa.open-in-view to disable this warning
2021-01-17 15:54:34.427  INFO 7300 --- [main] o.s.b.a.e.web.EndpointLinksResolver      : Exposing 15 endpoint(s) beneath base path '/actuator'
2021-01-17 15:54:34.881  INFO 7300 --- [main] o.s.s.concurrent.ThreadPoolTaskExecutor  : Initializing ExecutorService 'applicationTaskExecutor'
2021-01-17 15:54:35.198  INFO 7300 --- [main] d.s.w.p.DocumentationPluginsBootstrapper : Context refreshed
2021-01-17 15:54:35.220  INFO 7300 --- [main] d.s.w.p.DocumentationPluginsBootstrapper : Found 1 custom documentation plugin(s)
2021-01-17 15:54:35.236  INFO 7300 --- [main] s.d.s.w.s.ApiListingReferenceScanner     : Scanning for api listing references
2021-01-17 15:54:35.464  INFO 7300 --- [main] i.g.d.todoapi.TodoApiApplicationTests    : Started TodoApiApplicationTests in 5.703 seconds (JVM running for 7.674)
2021-01-17 15:54:35.536  INFO 7300 --- [SpringContextShutdownHook] o.s.s.concurrent.ThreadPoolTaskExecutor  : Shutting down ExecutorService 'applicationTaskExecutor'
2021-01-17 15:54:35.540  INFO 7300 --- [SpringContextShutdownHook] j.LocalContainerEntityManagerFactoryBean : Closing JPA EntityManagerFactory for persistence unit 'default'
2021-01-17 15:54:35.542  INFO 7300 --- [SpringContextShutdownHook] com.zaxxer.hikari.HikariDataSource       : HikariPool-1 - Shutdown initiated...
2021-01-17 15:54:35.550  INFO 7300 --- [SpringContextShutdownHook] com.zaxxer.hikari.HikariDataSource       : HikariPool-1 - Shutdown completed.
2021-01-17 15:56:37.364  INFO 3908 --- [main] i.g.d.todoapi.TodoApiApplicationTests    : Starting TodoApiApplicationTests on DESKTOP-45B3MA9 with PID 3908 (started by Hamden in D:\Hamden\Reposit贸rio\Sistemas\Projetos\Fontes\tarefas\desenvolvimento\tarefas)
2021-01-17 15:56:37.365  INFO 3908 --- [main] i.g.d.todoapi.TodoApiApplicationTests    : No active profile set, falling back to default profiles: default
2021-01-17 15:56:38.328  INFO 3908 --- [main] .s.d.r.c.RepositoryConfigurationDelegate : Bootstrapping Spring Data JPA repositories in DEFAULT mode.
2021-01-17 15:56:38.382  INFO 3908 --- [main] .s.d.r.c.RepositoryConfigurationDelegate : Finished Spring Data repository scanning in 46ms. Found 1 JPA repository interfaces.
2021-01-17 15:56:38.772  INFO 3908 --- [main] trationDelegate$BeanPostProcessorChecker : Bean 'org.springframework.transaction.annotation.ProxyTransactionManagementConfiguration' of type [org.springframework.transaction.annotation.ProxyTransactionManagementConfiguration] is not eligible for getting processed by all BeanPostProcessors (for example: not eligible for auto-proxying)
2021-01-17 15:56:38.946  INFO 3908 --- [main] o.f.c.internal.license.VersionPrinter    : Flyway Community Edition 6.0.8 by Redgate
2021-01-17 15:56:38.952  INFO 3908 --- [main] com.zaxxer.hikari.HikariDataSource       : HikariPool-1 - Starting...
2021-01-17 15:56:39.161  INFO 3908 --- [main] com.zaxxer.hikari.HikariDataSource       : HikariPool-1 - Start completed.
2021-01-17 15:56:39.182  INFO 3908 --- [main] o.f.c.internal.database.DatabaseFactory  : Database: jdbc:postgresql://localhost:5432/tarefas (PostgreSQL 9.6)
2021-01-17 15:56:39.208  INFO 3908 --- [main] o.f.core.internal.command.DbValidate     : Successfully validated 1 migration (execution time 00:00.014s)
2021-01-17 15:56:39.213  INFO 3908 --- [main] o.f.core.internal.command.DbMigrate      : Current version of schema "public": 1
2021-01-17 15:56:39.213  INFO 3908 --- [main] o.f.core.internal.command.DbMigrate      : Schema "public" is up to date. No migration necessary.
2021-01-17 15:56:39.324  INFO 3908 --- [main] o.hibernate.jpa.internal.util.LogHelper  : HHH000204: Processing PersistenceUnitInfo [name: default]
2021-01-17 15:56:39.387  INFO 3908 --- [main] org.hibernate.Version                    : HHH000412: Hibernate Core {5.4.9.Final}
2021-01-17 15:56:39.505  INFO 3908 --- [main] o.hibernate.annotations.common.Version   : HCANN000001: Hibernate Commons Annotations {5.1.0.Final}
2021-01-17 15:56:40.019  INFO 3908 --- [main] org.hibernate.dialect.Dialect            : HHH000400: Using dialect: org.hibernate.dialect.PostgreSQL9Dialect
2021-01-17 15:56:40.606  INFO 3908 --- [main] o.h.e.t.j.p.i.JtaPlatformInitiator       : HHH000490: Using JtaPlatform implementation: [org.hibernate.engine.transaction.jta.platform.internal.NoJtaPlatform]
2021-01-17 15:56:40.613  INFO 3908 --- [main] j.LocalContainerEntityManagerFactoryBean : Initialized JPA EntityManagerFactory for persistence unit 'default'
2021-01-17 15:56:41.247  WARN 3908 --- [main] JpaBaseConfiguration$JpaWebConfiguration : spring.jpa.open-in-view is enabled by default. Therefore, database queries may be performed during view rendering. Explicitly configure spring.jpa.open-in-view to disable this warning
2021-01-17 15:56:41.753  INFO 3908 --- [main] o.s.b.a.e.web.EndpointLinksResolver      : Exposing 15 endpoint(s) beneath base path '/actuator'
2021-01-17 15:56:42.412  INFO 3908 --- [main] o.s.s.concurrent.ThreadPoolTaskExecutor  : Initializing ExecutorService 'applicationTaskExecutor'
2021-01-17 15:56:42.747  INFO 3908 --- [main] d.s.w.p.DocumentationPluginsBootstrapper : Context refreshed
2021-01-17 15:56:42.767  INFO 3908 --- [main] d.s.w.p.DocumentationPluginsBootstrapper : Found 1 custom documentation plugin(s)
2021-01-17 15:56:42.778  INFO 3908 --- [main] s.d.s.w.s.ApiListingReferenceScanner     : Scanning for api listing references
2021-01-17 15:56:42.941  INFO 3908 --- [main] i.g.d.todoapi.TodoApiApplicationTests    : Started TodoApiApplicationTests in 5.795 seconds (JVM running for 6.605)
2021-01-17 15:56:43.054  INFO 3908 --- [SpringContextShutdownHook] o.s.s.concurrent.ThreadPoolTaskExecutor  : Shutting down ExecutorService 'applicationTaskExecutor'
2021-01-17 15:56:43.059  INFO 3908 --- [SpringContextShutdownHook] j.LocalContainerEntityManagerFactoryBean : Closing JPA EntityManagerFactory for persistence unit 'default'
2021-01-17 15:56:43.060  INFO 3908 --- [SpringContextShutdownHook] com.zaxxer.hikari.HikariDataSource       : HikariPool-1 - Shutdown initiated...
2021-01-17 15:56:43.064  INFO 3908 --- [SpringContextShutdownHook] com.zaxxer.hikari.HikariDataSource       : HikariPool-1 - Shutdown completed.
2021-01-17 15:57:22.205  INFO 11564 --- [main] i.g.d.todoapi.TodoApiApplicationTests    : Starting TodoApiApplicationTests on DESKTOP-45B3MA9 with PID 11564 (started by Hamden in D:\Hamden\Reposit贸rio\Sistemas\Projetos\Fontes\tarefas\desenvolvimento\tarefas)
2021-01-17 15:57:22.206  INFO 11564 --- [main] i.g.d.todoapi.TodoApiApplicationTests    : No active profile set, falling back to default profiles: default
2021-01-17 15:57:23.185  INFO 11564 --- [main] .s.d.r.c.RepositoryConfigurationDelegate : Bootstrapping Spring Data JPA repositories in DEFAULT mode.
2021-01-17 15:57:23.251  INFO 11564 --- [main] .s.d.r.c.RepositoryConfigurationDelegate : Finished Spring Data repository scanning in 57ms. Found 1 JPA repository interfaces.
2021-01-17 15:57:23.677  INFO 11564 --- [main] trationDelegate$BeanPostProcessorChecker : Bean 'org.springframework.transaction.annotation.ProxyTransactionManagementConfiguration' of type [org.springframework.transaction.annotation.ProxyTransactionManagementConfiguration] is not eligible for getting processed by all BeanPostProcessors (for example: not eligible for auto-proxying)
2021-01-17 15:57:23.851  INFO 11564 --- [main] o.f.c.internal.license.VersionPrinter    : Flyway Community Edition 6.0.8 by Redgate
2021-01-17 15:57:23.858  INFO 11564 --- [main] com.zaxxer.hikari.HikariDataSource       : HikariPool-1 - Starting...
2021-01-17 15:57:24.109  INFO 11564 --- [main] com.zaxxer.hikari.HikariDataSource       : HikariPool-1 - Start completed.
2021-01-17 15:57:24.130  INFO 11564 --- [main] o.f.c.internal.database.DatabaseFactory  : Database: jdbc:postgresql://localhost:5432/tarefas (PostgreSQL 9.6)
2021-01-17 15:57:24.158  INFO 11564 --- [main] o.f.core.internal.command.DbValidate     : Successfully validated 1 migration (execution time 00:00.016s)
2021-01-17 15:57:24.162  INFO 11564 --- [main] o.f.core.internal.command.DbMigrate      : Current version of schema "public": 1
2021-01-17 15:57:24.163  INFO 11564 --- [main] o.f.core.internal.command.DbMigrate      : Schema "public" is up to date. No migration necessary.
2021-01-17 15:57:24.272  INFO 11564 --- [main] o.hibernate.jpa.internal.util.LogHelper  : HHH000204: Processing PersistenceUnitInfo [name: default]
2021-01-17 15:57:24.336  INFO 11564 --- [main] org.hibernate.Version                    : HHH000412: Hibernate Core {5.4.9.Final}
2021-01-17 15:57:24.446  INFO 11564 --- [main] o.hibernate.annotations.common.Version   : HCANN000001: Hibernate Commons Annotations {5.1.0.Final}
2021-01-17 15:57:24.959  INFO 11564 --- [main] org.hibernate.dialect.Dialect            : HHH000400: Using dialect: org.hibernate.dialect.PostgreSQL9Dialect
2021-01-17 15:57:25.498  INFO 11564 --- [main] o.h.e.t.j.p.i.JtaPlatformInitiator       : HHH000490: Using JtaPlatform implementation: [org.hibernate.engine.transaction.jta.platform.internal.NoJtaPlatform]
2021-01-17 15:57:25.505  INFO 11564 --- [main] j.LocalContainerEntityManagerFactoryBean : Initialized JPA EntityManagerFactory for persistence unit 'default'
2021-01-17 15:57:26.142  WARN 11564 --- [main] JpaBaseConfiguration$JpaWebConfiguration : spring.jpa.open-in-view is enabled by default. Therefore, database queries may be performed during view rendering. Explicitly configure spring.jpa.open-in-view to disable this warning
2021-01-17 15:57:26.619  INFO 11564 --- [main] o.s.b.a.e.web.EndpointLinksResolver      : Exposing 15 endpoint(s) beneath base path '/actuator'
2021-01-17 15:57:27.292  INFO 11564 --- [main] o.s.s.concurrent.ThreadPoolTaskExecutor  : Initializing ExecutorService 'applicationTaskExecutor'
2021-01-17 15:57:27.654  INFO 11564 --- [main] d.s.w.p.DocumentationPluginsBootstrapper : Context refreshed
2021-01-17 15:57:27.677  INFO 11564 --- [main] d.s.w.p.DocumentationPluginsBootstrapper : Found 1 custom documentation plugin(s)
2021-01-17 15:57:27.690  INFO 11564 --- [main] s.d.s.w.s.ApiListingReferenceScanner     : Scanning for api listing references
2021-01-17 15:57:27.870  INFO 11564 --- [main] i.g.d.todoapi.TodoApiApplicationTests    : Started TodoApiApplicationTests in 5.89 seconds (JVM running for 6.68)
2021-01-17 15:57:27.996  INFO 11564 --- [SpringContextShutdownHook] o.s.s.concurrent.ThreadPoolTaskExecutor  : Shutting down ExecutorService 'applicationTaskExecutor'
2021-01-17 15:57:28.000  INFO 11564 --- [SpringContextShutdownHook] j.LocalContainerEntityManagerFactoryBean : Closing JPA EntityManagerFactory for persistence unit 'default'
2021-01-17 15:57:28.002  INFO 11564 --- [SpringContextShutdownHook] com.zaxxer.hikari.HikariDataSource       : HikariPool-1 - Shutdown initiated...
2021-01-17 15:57:28.006  INFO 11564 --- [SpringContextShutdownHook] com.zaxxer.hikari.HikariDataSource       : HikariPool-1 - Shutdown completed.
2021-01-17 15:58:26.749  INFO 9996 --- [main] i.g.d.todoapi.TodoApiApplicationTests    : Starting TodoApiApplicationTests on DESKTOP-45B3MA9 with PID 9996 (started by Hamden in D:\Hamden\Repositrio\Sistemas\Projetos\Fontes\tarefas\desenvolvimento\tarefas)
2021-01-17 15:58:26.751  INFO 9996 --- [main] i.g.d.todoapi.TodoApiApplicationTests    : No active profile set, falling back to default profiles: default
2021-01-17 15:58:28.209  INFO 9996 --- [main] .s.d.r.c.RepositoryConfigurationDelegate : Bootstrapping Spring Data JPA repositories in DEFAULT mode.
2021-01-17 15:58:28.278  INFO 9996 --- [main] .s.d.r.c.RepositoryConfigurationDelegate : Finished Spring Data repository scanning in 60ms. Found 1 JPA repository interfaces.
2021-01-17 15:58:28.884  INFO 9996 --- [main] trationDelegate$BeanPostProcessorChecker : Bean 'org.springframework.transaction.annotation.ProxyTransactionManagementConfiguration' of type [org.springframework.transaction.annotation.ProxyTransactionManagementConfiguration] is not eligible for getting processed by all BeanPostProcessors (for example: not eligible for auto-proxying)
2021-01-17 15:58:29.174  INFO 9996 --- [main] o.f.c.internal.license.VersionPrinter    : Flyway Community Edition 6.0.8 by Redgate
2021-01-17 15:58:29.183  INFO 9996 --- [main] com.zaxxer.hikari.HikariDataSource       : HikariPool-1 - Starting...
2021-01-17 15:58:29.461  INFO 9996 --- [main] com.zaxxer.hikari.HikariDataSource       : HikariPool-1 - Start completed.
2021-01-17 15:58:29.504  INFO 9996 --- [main] o.f.c.internal.database.DatabaseFactory  : Database: jdbc:postgresql://localhost:5432/tarefas (PostgreSQL 9.6)
2021-01-17 15:58:29.555  INFO 9996 --- [main] o.f.core.internal.command.DbValidate     : Successfully validated 1 migration (execution time 00:00.028s)
2021-01-17 15:58:29.564  INFO 9996 --- [main] o.f.core.internal.command.DbMigrate      : Current version of schema "public": 1
2021-01-17 15:58:29.566  INFO 9996 --- [main] o.f.core.internal.command.DbMigrate      : Schema "public" is up to date. No migration necessary.
2021-01-17 15:58:29.741  INFO 9996 --- [main] o.hibernate.jpa.internal.util.LogHelper  : HHH000204: Processing PersistenceUnitInfo [name: default]
2021-01-17 15:58:29.901  INFO 9996 --- [main] org.hibernate.Version                    : HHH000412: Hibernate Core {5.4.9.Final}
2021-01-17 15:58:29.981  INFO 9996 --- [main] o.hibernate.annotations.common.Version   : HCANN000001: Hibernate Commons Annotations {5.1.0.Final}
2021-01-17 15:58:30.640  INFO 9996 --- [main] org.hibernate.dialect.Dialect            : HHH000400: Using dialect: org.hibernate.dialect.PostgreSQL9Dialect
2021-01-17 15:58:31.332  INFO 9996 --- [main] o.h.e.t.j.p.i.JtaPlatformInitiator       : HHH000490: Using JtaPlatform implementation: [org.hibernate.engine.transaction.jta.platform.internal.NoJtaPlatform]
2021-01-17 15:58:31.341  INFO 9996 --- [main] j.LocalContainerEntityManagerFactoryBean : Initialized JPA EntityManagerFactory for persistence unit 'default'
2021-01-17 15:58:32.378  WARN 9996 --- [main] JpaBaseConfiguration$JpaWebConfiguration : spring.jpa.open-in-view is enabled by default. Therefore, database queries may be performed during view rendering. Explicitly configure spring.jpa.open-in-view to disable this warning
2021-01-17 15:58:32.978  INFO 9996 --- [main] o.s.b.a.e.web.EndpointLinksResolver      : Exposing 15 endpoint(s) beneath base path '/actuator'
2021-01-17 15:58:33.490  INFO 9996 --- [main] o.s.s.concurrent.ThreadPoolTaskExecutor  : Initializing ExecutorService 'applicationTaskExecutor'
2021-01-17 15:58:33.863  INFO 9996 --- [main] d.s.w.p.DocumentationPluginsBootstrapper : Context refreshed
2021-01-17 15:58:33.885  INFO 9996 --- [main] d.s.w.p.DocumentationPluginsBootstrapper : Found 1 custom documentation plugin(s)
2021-01-17 15:58:33.898  INFO 9996 --- [main] s.d.s.w.s.ApiListingReferenceScanner     : Scanning for api listing references
2021-01-17 15:58:34.096  INFO 9996 --- [main] i.g.d.todoapi.TodoApiApplicationTests    : Started TodoApiApplicationTests in 7.6 seconds (JVM running for 10.264)
2021-01-17 15:58:34.183  INFO 9996 --- [SpringContextShutdownHook] o.s.s.concurrent.ThreadPoolTaskExecutor  : Shutting down ExecutorService 'applicationTaskExecutor'
2021-01-17 15:58:34.189  INFO 9996 --- [SpringContextShutdownHook] j.LocalContainerEntityManagerFactoryBean : Closing JPA EntityManagerFactory for persistence unit 'default'
2021-01-17 15:58:34.192  INFO 9996 --- [SpringContextShutdownHook] com.zaxxer.hikari.HikariDataSource       : HikariPool-1 - Shutdown initiated...
2021-01-17 15:58:34.203  INFO 9996 --- [SpringContextShutdownHook] com.zaxxer.hikari.HikariDataSource       : HikariPool-1 - Shutdown completed.
2021-01-17 17:36:06.393  INFO 15616 --- [main] i.g.d.todoapi.TodoApiApplicationTests    : Starting TodoApiApplicationTests on DESKTOP-45B3MA9 with PID 15616 (started by Hamden in D:\Hamden\Reposit贸rio\Sistemas\Projetos\Fontes\tarefas\desenvolvimento\tarefas)
2021-01-17 17:36:06.395  INFO 15616 --- [main] i.g.d.todoapi.TodoApiApplicationTests    : No active profile set, falling back to default profiles: default
2021-01-17 17:36:07.990  INFO 15616 --- [main] .s.d.r.c.RepositoryConfigurationDelegate : Bootstrapping Spring Data JPA repositories in DEFAULT mode.
2021-01-17 17:36:08.129  INFO 15616 --- [main] .s.d.r.c.RepositoryConfigurationDelegate : Finished Spring Data repository scanning in 119ms. Found 1 JPA repository interfaces.
2021-01-17 17:36:09.040  INFO 15616 --- [main] trationDelegate$BeanPostProcessorChecker : Bean 'org.springframework.transaction.annotation.ProxyTransactionManagementConfiguration' of type [org.springframework.transaction.annotation.ProxyTransactionManagementConfiguration] is not eligible for getting processed by all BeanPostProcessors (for example: not eligible for auto-proxying)
2021-01-17 17:36:09.358  INFO 15616 --- [main] o.f.c.internal.license.VersionPrinter    : Flyway Community Edition 6.0.8 by Redgate
2021-01-17 17:36:09.372  INFO 15616 --- [main] com.zaxxer.hikari.HikariDataSource       : HikariPool-1 - Starting...
2021-01-17 17:36:09.813  INFO 15616 --- [main] com.zaxxer.hikari.HikariDataSource       : HikariPool-1 - Start completed.
2021-01-17 17:36:09.852  INFO 15616 --- [main] o.f.c.internal.database.DatabaseFactory  : Database: jdbc:postgresql://localhost:5432/tarefas (PostgreSQL 9.6)
2021-01-17 17:36:09.943  INFO 15616 --- [main] o.f.core.internal.command.DbValidate     : Successfully validated 1 migration (execution time 00:00.069s)
2021-01-17 17:36:09.952  INFO 15616 --- [main] o.f.core.internal.command.DbMigrate      : Current version of schema "public": 1
2021-01-17 17:36:09.953  INFO 15616 --- [main] o.f.core.internal.command.DbMigrate      : Schema "public" is up to date. No migration necessary.
2021-01-17 17:36:10.149  INFO 15616 --- [main] o.hibernate.jpa.internal.util.LogHelper  : HHH000204: Processing PersistenceUnitInfo [name: default]
2021-01-17 17:36:10.279  INFO 15616 --- [main] org.hibernate.Version                    : HHH000412: Hibernate Core {5.4.9.Final}
2021-01-17 17:36:10.509  INFO 15616 --- [main] o.hibernate.annotations.common.Version   : HCANN000001: Hibernate Commons Annotations {5.1.0.Final}
2021-01-17 17:36:11.202  INFO 15616 --- [main] org.hibernate.dialect.Dialect            : HHH000400: Using dialect: org.hibernate.dialect.PostgreSQL9Dialect
2021-01-17 17:36:12.148  INFO 15616 --- [main] o.h.e.t.j.p.i.JtaPlatformInitiator       : HHH000490: Using JtaPlatform implementation: [org.hibernate.engine.transaction.jta.platform.internal.NoJtaPlatform]
2021-01-17 17:36:12.157  INFO 15616 --- [main] j.LocalContainerEntityManagerFactoryBean : Initialized JPA EntityManagerFactory for persistence unit 'default'
2021-01-17 17:36:13.060  WARN 15616 --- [main] JpaBaseConfiguration$JpaWebConfiguration : spring.jpa.open-in-view is enabled by default. Therefore, database queries may be performed during view rendering. Explicitly configure spring.jpa.open-in-view to disable this warning
2021-01-17 17:36:13.701  INFO 15616 --- [main] o.s.b.a.e.web.EndpointLinksResolver      : Exposing 15 endpoint(s) beneath base path '/actuator'
2021-01-17 17:36:14.558  INFO 15616 --- [main] o.s.s.concurrent.ThreadPoolTaskExecutor  : Initializing ExecutorService 'applicationTaskExecutor'
2021-01-17 17:36:14.996  INFO 15616 --- [main] d.s.w.p.DocumentationPluginsBootstrapper : Context refreshed
2021-01-17 17:36:15.024  INFO 15616 --- [main] d.s.w.p.DocumentationPluginsBootstrapper : Found 1 custom documentation plugin(s)
2021-01-17 17:36:15.039  INFO 15616 --- [main] s.d.s.w.s.ApiListingReferenceScanner     : Scanning for api listing references
2021-01-17 17:36:15.277  INFO 15616 --- [main] i.g.d.todoapi.TodoApiApplicationTests    : Started TodoApiApplicationTests in 9.214 seconds (JVM running for 10.44)
2021-01-17 17:36:15.465  INFO 15616 --- [SpringContextShutdownHook] o.s.s.concurrent.ThreadPoolTaskExecutor  : Shutting down ExecutorService 'applicationTaskExecutor'
2021-01-17 17:36:15.472  INFO 15616 --- [SpringContextShutdownHook] j.LocalContainerEntityManagerFactoryBean : Closing JPA EntityManagerFactory for persistence unit 'default'
2021-01-17 17:36:15.475  INFO 15616 --- [SpringContextShutdownHook] com.zaxxer.hikari.HikariDataSource       : HikariPool-1 - Shutdown initiated...
2021-01-17 17:36:15.485  INFO 15616 --- [SpringContextShutdownHook] com.zaxxer.hikari.HikariDataSource       : HikariPool-1 - Shutdown completed.
2021-01-17 17:37:04.062  INFO 12452 --- [main] i.g.d.todoapi.TodoApiApplicationTests    : Starting TodoApiApplicationTests on DESKTOP-45B3MA9 with PID 12452 (started by Hamden in D:\Hamden\Repositrio\Sistemas\Projetos\Fontes\tarefas\desenvolvimento\tarefas)
2021-01-17 17:37:04.064  INFO 12452 --- [main] i.g.d.todoapi.TodoApiApplicationTests    : No active profile set, falling back to default profiles: default
2021-01-17 17:37:05.212  INFO 12452 --- [main] .s.d.r.c.RepositoryConfigurationDelegate : Bootstrapping Spring Data JPA repositories in DEFAULT mode.
2021-01-17 17:37:05.263  INFO 12452 --- [main] .s.d.r.c.RepositoryConfigurationDelegate : Finished Spring Data repository scanning in 41ms. Found 1 JPA repository interfaces.
2021-01-17 17:37:05.737  INFO 12452 --- [main] trationDelegate$BeanPostProcessorChecker : Bean 'org.springframework.transaction.annotation.ProxyTransactionManagementConfiguration' of type [org.springframework.transaction.annotation.ProxyTransactionManagementConfiguration] is not eligible for getting processed by all BeanPostProcessors (for example: not eligible for auto-proxying)
2021-01-17 17:37:05.978  INFO 12452 --- [main] o.f.c.internal.license.VersionPrinter    : Flyway Community Edition 6.0.8 by Redgate
2021-01-17 17:37:05.991  INFO 12452 --- [main] com.zaxxer.hikari.HikariDataSource       : HikariPool-1 - Starting...
2021-01-17 17:37:06.152  INFO 12452 --- [main] com.zaxxer.hikari.HikariDataSource       : HikariPool-1 - Start completed.
2021-01-17 17:37:06.182  INFO 12452 --- [main] o.f.c.internal.database.DatabaseFactory  : Database: jdbc:postgresql://localhost:5432/tarefas (PostgreSQL 9.6)
2021-01-17 17:37:06.222  INFO 12452 --- [main] o.f.core.internal.command.DbValidate     : Successfully validated 1 migration (execution time 00:00.022s)
2021-01-17 17:37:06.231  INFO 12452 --- [main] o.f.core.internal.command.DbMigrate      : Current version of schema "public": 1
2021-01-17 17:37:06.231  INFO 12452 --- [main] o.f.core.internal.command.DbMigrate      : Schema "public" is up to date. No migration necessary.
2021-01-17 17:37:06.383  INFO 12452 --- [main] o.hibernate.jpa.internal.util.LogHelper  : HHH000204: Processing PersistenceUnitInfo [name: default]
2021-01-17 17:37:06.501  INFO 12452 --- [main] org.hibernate.Version                    : HHH000412: Hibernate Core {5.4.9.Final}
2021-01-17 17:37:06.548  INFO 12452 --- [main] o.hibernate.annotations.common.Version   : HCANN000001: Hibernate Commons Annotations {5.1.0.Final}
2021-01-17 17:37:07.417  INFO 12452 --- [main] org.hibernate.dialect.Dialect            : HHH000400: Using dialect: org.hibernate.dialect.PostgreSQL9Dialect
2021-01-17 17:37:08.040  INFO 12452 --- [main] o.h.e.t.j.p.i.JtaPlatformInitiator       : HHH000490: Using JtaPlatform implementation: [org.hibernate.engine.transaction.jta.platform.internal.NoJtaPlatform]
2021-01-17 17:37:08.048  INFO 12452 --- [main] j.LocalContainerEntityManagerFactoryBean : Initialized JPA EntityManagerFactory for persistence unit 'default'
2021-01-17 17:37:09.013  WARN 12452 --- [main] JpaBaseConfiguration$JpaWebConfiguration : spring.jpa.open-in-view is enabled by default. Therefore, database queries may be performed during view rendering. Explicitly configure spring.jpa.open-in-view to disable this warning
2021-01-17 17:37:09.557  INFO 12452 --- [main] o.s.b.a.e.web.EndpointLinksResolver      : Exposing 15 endpoint(s) beneath base path '/actuator'
2021-01-17 17:37:10.087  INFO 12452 --- [main] o.s.s.concurrent.ThreadPoolTaskExecutor  : Initializing ExecutorService 'applicationTaskExecutor'
2021-01-17 17:37:10.466  INFO 12452 --- [main] d.s.w.p.DocumentationPluginsBootstrapper : Context refreshed
2021-01-17 17:37:10.489  INFO 12452 --- [main] d.s.w.p.DocumentationPluginsBootstrapper : Found 1 custom documentation plugin(s)
2021-01-17 17:37:10.503  INFO 12452 --- [main] s.d.s.w.s.ApiListingReferenceScanner     : Scanning for api listing references
2021-01-17 17:37:10.665  INFO 12452 --- [main] i.g.d.todoapi.TodoApiApplicationTests    : Started TodoApiApplicationTests in 6.821 seconds (JVM running for 9.72)
2021-01-17 17:37:10.732  INFO 12452 --- [SpringContextShutdownHook] o.s.s.concurrent.ThreadPoolTaskExecutor  : Shutting down ExecutorService 'applicationTaskExecutor'
2021-01-17 17:37:10.737  INFO 12452 --- [SpringContextShutdownHook] j.LocalContainerEntityManagerFactoryBean : Closing JPA EntityManagerFactory for persistence unit 'default'
2021-01-17 17:37:10.740  INFO 12452 --- [SpringContextShutdownHook] com.zaxxer.hikari.HikariDataSource       : HikariPool-1 - Shutdown initiated...
2021-01-17 17:37:10.749  INFO 12452 --- [SpringContextShutdownHook] com.zaxxer.hikari.HikariDataSource       : HikariPool-1 - Shutdown completed.
2021-01-17 17:45:32.031  INFO 6404 --- [main] i.g.d.todoapi.TodoApiApplicationTests    : Starting TodoApiApplicationTests on DESKTOP-45B3MA9 with PID 6404 (started by Hamden in D:\Hamden\Reposit贸rio\Sistemas\Projetos\Fontes\tarefas\desenvolvimento\tarefas)
2021-01-17 17:45:32.034  INFO 6404 --- [main] i.g.d.todoapi.TodoApiApplicationTests    : No active profile set, falling back to default profiles: default
2021-01-17 17:45:33.331  INFO 6404 --- [main] .s.d.r.c.RepositoryConfigurationDelegate : Bootstrapping Spring Data JPA repositories in DEFAULT mode.
2021-01-17 17:45:33.406  INFO 6404 --- [main] .s.d.r.c.RepositoryConfigurationDelegate : Finished Spring Data repository scanning in 63ms. Found 1 JPA repository interfaces.
2021-01-17 17:45:33.931  INFO 6404 --- [main] trationDelegate$BeanPostProcessorChecker : Bean 'org.springframework.transaction.annotation.ProxyTransactionManagementConfiguration' of type [org.springframework.transaction.annotation.ProxyTransactionManagementConfiguration] is not eligible for getting processed by all BeanPostProcessors (for example: not eligible for auto-proxying)
2021-01-17 17:45:34.172  INFO 6404 --- [main] o.f.c.internal.license.VersionPrinter    : Flyway Community Edition 6.0.8 by Redgate
2021-01-17 17:45:34.182  INFO 6404 --- [main] com.zaxxer.hikari.HikariDataSource       : HikariPool-1 - Starting...
2021-01-17 17:45:34.431  INFO 6404 --- [main] com.zaxxer.hikari.HikariDataSource       : HikariPool-1 - Start completed.
2021-01-17 17:45:34.462  INFO 6404 --- [main] o.f.c.internal.database.DatabaseFactory  : Database: jdbc:postgresql://localhost:5432/tarefas (PostgreSQL 9.6)
2021-01-17 17:45:34.502  INFO 6404 --- [main] o.f.core.internal.command.DbValidate     : Successfully validated 1 migration (execution time 00:00.023s)
2021-01-17 17:45:34.510  INFO 6404 --- [main] o.f.core.internal.command.DbMigrate      : Current version of schema "public": 1
2021-01-17 17:45:34.511  INFO 6404 --- [main] o.f.core.internal.command.DbMigrate      : Schema "public" is up to date. No migration necessary.
2021-01-17 17:45:34.656  INFO 6404 --- [main] o.hibernate.jpa.internal.util.LogHelper  : HHH000204: Processing PersistenceUnitInfo [name: default]
2021-01-17 17:45:34.771  INFO 6404 --- [main] org.hibernate.Version                    : HHH000412: Hibernate Core {5.4.9.Final}
2021-01-17 17:45:34.933  INFO 6404 --- [main] o.hibernate.annotations.common.Version   : HCANN000001: Hibernate Commons Annotations {5.1.0.Final}
2021-01-17 17:45:35.607  INFO 6404 --- [main] org.hibernate.dialect.Dialect            : HHH000400: Using dialect: org.hibernate.dialect.PostgreSQL9Dialect
2021-01-17 17:45:36.254  INFO 6404 --- [main] o.h.e.t.j.p.i.JtaPlatformInitiator       : HHH000490: Using JtaPlatform implementation: [org.hibernate.engine.transaction.jta.platform.internal.NoJtaPlatform]
2021-01-17 17:45:36.262  INFO 6404 --- [main] j.LocalContainerEntityManagerFactoryBean : Initialized JPA EntityManagerFactory for persistence unit 'default'
2021-01-17 17:45:37.108  WARN 6404 --- [main] JpaBaseConfiguration$JpaWebConfiguration : spring.jpa.open-in-view is enabled by default. Therefore, database queries may be performed during view rendering. Explicitly configure spring.jpa.open-in-view to disable this warning
2021-01-17 17:45:37.706  INFO 6404 --- [main] o.s.b.a.e.web.EndpointLinksResolver      : Exposing 15 endpoint(s) beneath base path '/actuator'
2021-01-17 17:45:38.618  INFO 6404 --- [main] o.s.s.concurrent.ThreadPoolTaskExecutor  : Initializing ExecutorService 'applicationTaskExecutor'
2021-01-17 17:45:39.079  INFO 6404 --- [main] d.s.w.p.DocumentationPluginsBootstrapper : Context refreshed
2021-01-17 17:45:39.103  INFO 6404 --- [main] d.s.w.p.DocumentationPluginsBootstrapper : Found 1 custom documentation plugin(s)
2021-01-17 17:45:39.116  INFO 6404 --- [main] s.d.s.w.s.ApiListingReferenceScanner     : Scanning for api listing references
2021-01-17 17:45:39.330  INFO 6404 --- [main] i.g.d.todoapi.TodoApiApplicationTests    : Started TodoApiApplicationTests in 7.629 seconds (JVM running for 8.64)
2021-01-17 17:45:39.512  INFO 6404 --- [SpringContextShutdownHook] o.s.s.concurrent.ThreadPoolTaskExecutor  : Shutting down ExecutorService 'applicationTaskExecutor'
2021-01-17 17:45:39.519  INFO 6404 --- [SpringContextShutdownHook] j.LocalContainerEntityManagerFactoryBean : Closing JPA EntityManagerFactory for persistence unit 'default'
2021-01-17 17:45:39.521  INFO 6404 --- [SpringContextShutdownHook] com.zaxxer.hikari.HikariDataSource       : HikariPool-1 - Shutdown initiated...
2021-01-17 17:45:39.530  INFO 6404 --- [SpringContextShutdownHook] com.zaxxer.hikari.HikariDataSource       : HikariPool-1 - Shutdown completed.
2021-01-17 17:46:46.873  INFO 16432 --- [main] i.g.d.todoapi.TodoApiApplicationTests    : Starting TodoApiApplicationTests on DESKTOP-45B3MA9 with PID 16432 (started by Hamden in D:\Hamden\Repositrio\Sistemas\Projetos\Fontes\tarefas\desenvolvimento\tarefas)
2021-01-17 17:46:46.875  INFO 16432 --- [main] i.g.d.todoapi.TodoApiApplicationTests    : No active profile set, falling back to default profiles: default
2021-01-17 17:46:48.268  INFO 16432 --- [main] .s.d.r.c.RepositoryConfigurationDelegate : Bootstrapping Spring Data JPA repositories in DEFAULT mode.
2021-01-17 17:46:48.330  INFO 16432 --- [main] .s.d.r.c.RepositoryConfigurationDelegate : Finished Spring Data repository scanning in 52ms. Found 1 JPA repository interfaces.
2021-01-17 17:46:48.912  INFO 16432 --- [main] trationDelegate$BeanPostProcessorChecker : Bean 'org.springframework.transaction.annotation.ProxyTransactionManagementConfiguration' of type [org.springframework.transaction.annotation.ProxyTransactionManagementConfiguration] is not eligible for getting processed by all BeanPostProcessors (for example: not eligible for auto-proxying)
2021-01-17 17:46:49.145  INFO 16432 --- [main] o.f.c.internal.license.VersionPrinter    : Flyway Community Edition 6.0.8 by Redgate
2021-01-17 17:46:49.156  INFO 16432 --- [main] com.zaxxer.hikari.HikariDataSource       : HikariPool-1 - Starting...
2021-01-17 17:46:49.418  INFO 16432 --- [main] com.zaxxer.hikari.HikariDataSource       : HikariPool-1 - Start completed.
2021-01-17 17:46:49.459  INFO 16432 --- [main] o.f.c.internal.database.DatabaseFactory  : Database: jdbc:postgresql://localhost:5432/tarefas (PostgreSQL 9.6)
2021-01-17 17:46:49.508  INFO 16432 --- [main] o.f.core.internal.command.DbValidate     : Successfully validated 1 migration (execution time 00:00.029s)
2021-01-17 17:46:49.517  INFO 16432 --- [main] o.f.core.internal.command.DbMigrate      : Current version of schema "public": 1
2021-01-17 17:46:49.518  INFO 16432 --- [main] o.f.core.internal.command.DbMigrate      : Schema "public" is up to date. No migration necessary.
2021-01-17 17:46:49.697  INFO 16432 --- [main] o.hibernate.jpa.internal.util.LogHelper  : HHH000204: Processing PersistenceUnitInfo [name: default]
2021-01-17 17:46:49.812  INFO 16432 --- [main] org.hibernate.Version                    : HHH000412: Hibernate Core {5.4.9.Final}
2021-01-17 17:46:49.884  INFO 16432 --- [main] o.hibernate.annotations.common.Version   : HCANN000001: Hibernate Commons Annotations {5.1.0.Final}
2021-01-17 17:46:50.642  INFO 16432 --- [main] org.hibernate.dialect.Dialect            : HHH000400: Using dialect: org.hibernate.dialect.PostgreSQL9Dialect
2021-01-17 17:46:51.290  INFO 16432 --- [main] o.h.e.t.j.p.i.JtaPlatformInitiator       : HHH000490: Using JtaPlatform implementation: [org.hibernate.engine.transaction.jta.platform.internal.NoJtaPlatform]
2021-01-17 17:46:51.298  INFO 16432 --- [main] j.LocalContainerEntityManagerFactoryBean : Initialized JPA EntityManagerFactory for persistence unit 'default'
2021-01-17 17:46:52.335  WARN 16432 --- [main] JpaBaseConfiguration$JpaWebConfiguration : spring.jpa.open-in-view is enabled by default. Therefore, database queries may be performed during view rendering. Explicitly configure spring.jpa.open-in-view to disable this warning
2021-01-17 17:46:52.927  INFO 16432 --- [main] o.s.b.a.e.web.EndpointLinksResolver      : Exposing 15 endpoint(s) beneath base path '/actuator'
2021-01-17 17:46:53.480  INFO 16432 --- [main] o.s.s.concurrent.ThreadPoolTaskExecutor  : Initializing ExecutorService 'applicationTaskExecutor'
2021-01-17 17:46:53.822  INFO 16432 --- [main] d.s.w.p.DocumentationPluginsBootstrapper : Context refreshed
2021-01-17 17:46:53.842  INFO 16432 --- [main] d.s.w.p.DocumentationPluginsBootstrapper : Found 1 custom documentation plugin(s)
2021-01-17 17:46:53.854  INFO 16432 --- [main] s.d.s.w.s.ApiListingReferenceScanner     : Scanning for api listing references
2021-01-17 17:46:54.073  INFO 16432 --- [main] i.g.d.todoapi.TodoApiApplicationTests    : Started TodoApiApplicationTests in 7.446 seconds (JVM running for 10.094)
2021-01-17 17:46:54.146  INFO 16432 --- [SpringContextShutdownHook] o.s.s.concurrent.ThreadPoolTaskExecutor  : Shutting down ExecutorService 'applicationTaskExecutor'
2021-01-17 17:46:54.151  INFO 16432 --- [SpringContextShutdownHook] j.LocalContainerEntityManagerFactoryBean : Closing JPA EntityManagerFactory for persistence unit 'default'
2021-01-17 17:46:54.153  INFO 16432 --- [SpringContextShutdownHook] com.zaxxer.hikari.HikariDataSource       : HikariPool-1 - Shutdown initiated...
2021-01-17 17:46:54.164  INFO 16432 --- [SpringContextShutdownHook] com.zaxxer.hikari.HikariDataSource       : HikariPool-1 - Shutdown completed.
2021-01-17 17:48:16.515  INFO 10992 --- [main] i.g.d.todoapi.TodoApiApplicationTests    : Starting TodoApiApplicationTests on DESKTOP-45B3MA9 with PID 10992 (started by Hamden in D:\Hamden\Repositrio\Sistemas\Projetos\Fontes\tarefas\desenvolvimento\tarefas)
2021-01-17 17:48:16.518  INFO 10992 --- [main] i.g.d.todoapi.TodoApiApplicationTests    : No active profile set, falling back to default profiles: default
2021-01-17 17:48:18.558  INFO 10992 --- [main] .s.d.r.c.RepositoryConfigurationDelegate : Bootstrapping Spring Data JPA repositories in DEFAULT mode.
2021-01-17 17:48:18.654  INFO 10992 --- [main] .s.d.r.c.RepositoryConfigurationDelegate : Finished Spring Data repository scanning in 80ms. Found 1 JPA repository interfaces.
2021-01-17 17:48:19.447  INFO 10992 --- [main] trationDelegate$BeanPostProcessorChecker : Bean 'org.springframework.transaction.annotation.ProxyTransactionManagementConfiguration' of type [org.springframework.transaction.annotation.ProxyTransactionManagementConfiguration] is not eligible for getting processed by all BeanPostProcessors (for example: not eligible for auto-proxying)
2021-01-17 17:48:19.781  INFO 10992 --- [main] o.f.c.internal.license.VersionPrinter    : Flyway Community Edition 6.0.8 by Redgate
2021-01-17 17:48:19.795  INFO 10992 --- [main] com.zaxxer.hikari.HikariDataSource       : HikariPool-1 - Starting...
2021-01-17 17:48:20.143  INFO 10992 --- [main] com.zaxxer.hikari.HikariDataSource       : HikariPool-1 - Start completed.
2021-01-17 17:48:20.212  INFO 10992 --- [main] o.f.c.internal.database.DatabaseFactory  : Database: jdbc:postgresql://localhost:5432/tarefas (PostgreSQL 9.6)
2021-01-17 17:48:20.292  INFO 10992 --- [main] o.f.core.internal.command.DbValidate     : Successfully validated 1 migration (execution time 00:00.052s)
2021-01-17 17:48:20.303  INFO 10992 --- [main] o.f.core.internal.command.DbMigrate      : Current version of schema "public": 1
2021-01-17 17:48:20.305  INFO 10992 --- [main] o.f.core.internal.command.DbMigrate      : Schema "public" is up to date. No migration necessary.
2021-01-17 17:48:20.586  INFO 10992 --- [main] o.hibernate.jpa.internal.util.LogHelper  : HHH000204: Processing PersistenceUnitInfo [name: default]
2021-01-17 17:48:20.790  INFO 10992 --- [main] org.hibernate.Version                    : HHH000412: Hibernate Core {5.4.9.Final}
2021-01-17 17:48:20.890  INFO 10992 --- [main] o.hibernate.annotations.common.Version   : HCANN000001: Hibernate Commons Annotations {5.1.0.Final}
2021-01-17 17:48:21.838  INFO 10992 --- [main] org.hibernate.dialect.Dialect            : HHH000400: Using dialect: org.hibernate.dialect.PostgreSQL9Dialect
2021-01-17 17:48:22.795  INFO 10992 --- [main] o.h.e.t.j.p.i.JtaPlatformInitiator       : HHH000490: Using JtaPlatform implementation: [org.hibernate.engine.transaction.jta.platform.internal.NoJtaPlatform]
2021-01-17 17:48:22.809  INFO 10992 --- [main] j.LocalContainerEntityManagerFactoryBean : Initialized JPA EntityManagerFactory for persistence unit 'default'
2021-01-17 17:48:24.279  WARN 10992 --- [main] JpaBaseConfiguration$JpaWebConfiguration : spring.jpa.open-in-view is enabled by default. Therefore, database queries may be performed during view rendering. Explicitly configure spring.jpa.open-in-view to disable this warning
2021-01-17 17:48:25.059  INFO 10992 --- [main] o.s.b.a.e.web.EndpointLinksResolver      : Exposing 15 endpoint(s) beneath base path '/actuator'
2021-01-17 17:48:25.613  INFO 10992 --- [main] o.s.s.concurrent.ThreadPoolTaskExecutor  : Initializing ExecutorService 'applicationTaskExecutor'
2021-01-17 17:48:26.008  INFO 10992 --- [main] d.s.w.p.DocumentationPluginsBootstrapper : Context refreshed
2021-01-17 17:48:26.046  INFO 10992 --- [main] d.s.w.p.DocumentationPluginsBootstrapper : Found 1 custom documentation plugin(s)
2021-01-17 17:48:26.068  INFO 10992 --- [main] s.d.s.w.s.ApiListingReferenceScanner     : Scanning for api listing references
2021-01-17 17:48:26.294  INFO 10992 --- [main] i.g.d.todoapi.TodoApiApplicationTests    : Started TodoApiApplicationTests in 10.128 seconds (JVM running for 13.575)
2021-01-17 17:48:26.385  INFO 10992 --- [SpringContextShutdownHook] o.s.s.concurrent.ThreadPoolTaskExecutor  : Shutting down ExecutorService 'applicationTaskExecutor'
2021-01-17 17:48:26.391  INFO 10992 --- [SpringContextShutdownHook] j.LocalContainerEntityManagerFactoryBean : Closing JPA EntityManagerFactory for persistence unit 'default'
2021-01-17 17:48:26.393  INFO 10992 --- [SpringContextShutdownHook] com.zaxxer.hikari.HikariDataSource       : HikariPool-1 - Shutdown initiated...
2021-01-17 17:48:26.405  INFO 10992 --- [SpringContextShutdownHook] com.zaxxer.hikari.HikariDataSource       : HikariPool-1 - Shutdown completed.
